2022-02-24 00:00:00.189 ERROR 61949 --- [task-1] .a.i.SimpleAsyncUncaughtExceptionHandler : Unexpected exception occurred invoking async method: public void tn.esprit.spring.configuration.LoggingAspect.fixedRateMethod()

org.springframework.orm.jpa.JpaObjectRetrievalFailureException: Unable to find tn.esprit.spring.User.User with id 10; nested exception is javax.persistence.EntityNotFoundException: Unable to find tn.esprit.spring.User.User with id 10
	at org.springframework.orm.jpa.EntityManagerFactoryUtils.convertJpaAccessExceptionIfPossible(EntityManagerFactoryUtils.java:379) ~[spring-orm-5.3.12.jar:5.3.12]
	at org.springframework.orm.jpa.vendor.HibernateJpaDialect.translateExceptionIfPossible(HibernateJpaDialect.java:235) ~[spring-orm-5.3.12.jar:5.3.12]
	at org.springframework.orm.jpa.AbstractEntityManagerFactoryBean.translateExceptionIfPossible(AbstractEntityManagerFactoryBean.java:551) ~[spring-orm-5.3.12.jar:5.3.12]
	at org.springframework.dao.support.ChainedPersistenceExceptionTranslator.translateExceptionIfPossible(ChainedPersistenceExceptionTranslator.java:61) ~[spring-tx-5.3.12.jar:5.3.12]
	at org.springframework.dao.support.DataAccessUtils.translateIfNecessary(DataAccessUtils.java:242) ~[spring-tx-5.3.12.jar:5.3.12]
	at org.springframework.dao.support.PersistenceExceptionTranslationInterceptor.invoke(PersistenceExceptionTranslationInterceptor.java:152) ~[spring-tx-5.3.12.jar:5.3.12]
	at org.springframework.aop.framework.ReflectiveMethodInvocation.proceed(ReflectiveMethodInvocation.java:186) ~[spring-aop-5.3.12.jar:5.3.12]
	at org.springframework.data.jpa.repository.support.CrudMethodMetadataPostProcessor$CrudMethodMetadataPopulatingMethodInterceptor.invoke(CrudMethodMetadataPostProcessor.java:174) ~[spring-data-jpa-2.5.6.jar:2.5.6]
	at org.springframework.aop.framework.ReflectiveMethodInvocation.proceed(ReflectiveMethodInvocation.java:186) ~[spring-aop-5.3.12.jar:5.3.12]
	at org.springframework.aop.interceptor.ExposeInvocationInterceptor.invoke(ExposeInvocationInterceptor.java:97) ~[spring-aop-5.3.12.jar:5.3.12]
	at org.springframework.aop.framework.ReflectiveMethodInvocation.proceed(ReflectiveMethodInvocation.java:186) ~[spring-aop-5.3.12.jar:5.3.12]
	at org.springframework.aop.framework.JdkDynamicAopProxy.invoke(JdkDynamicAopProxy.java:215) ~[spring-aop-5.3.12.jar:5.3.12]
	at com.sun.proxy.$Proxy207.deleteAll(Unknown Source) ~[na:na]
	at tn.esprit.spring.registration.token.ConfirmationTokenService.deleteAllTokens(ConfirmationTokenService.java:30) ~[classes/:na]
	at tn.esprit.spring.configuration.LoggingAspect.fixedRateMethod(LoggingAspect.java:26) ~[classes/:na]
	at tn.esprit.spring.configuration.LoggingAspect$$FastClassBySpringCGLIB$$7169291d.invoke(<generated>) ~[classes/:na]
	at org.springframework.cglib.proxy.MethodProxy.invoke(MethodProxy.java:218) ~[spring-core-5.3.12.jar:5.3.12]
	at org.springframework.aop.framework.CglibAopProxy$CglibMethodInvocation.invokeJoinpoint(CglibAopProxy.java:783) ~[spring-aop-5.3.12.jar:5.3.12]
	at org.springframework.aop.framework.ReflectiveMethodInvocation.proceed(ReflectiveMethodInvocation.java:163) ~[spring-aop-5.3.12.jar:5.3.12]
	at org.springframework.aop.framework.CglibAopProxy$CglibMethodInvocation.proceed(CglibAopProxy.java:753) ~[spring-aop-5.3.12.jar:5.3.12]
	at org.springframework.aop.interceptor.AsyncExecutionInterceptor.lambda$invoke$0(AsyncExecutionInterceptor.java:115) ~[spring-aop-5.3.12.jar:5.3.12]
	at java.util.concurrent.FutureTask.run(FutureTask.java:266) ~[na:1.8.0_301]
	at java.util.concurrent.ThreadPoolExecutor.runWorker(ThreadPoolExecutor.java:1149) ~[na:1.8.0_301]
	at java.util.concurrent.ThreadPoolExecutor$Worker.run(ThreadPoolExecutor.java:624) ~[na:1.8.0_301]
	at java.lang.Thread.run(Thread.java:748) ~[na:1.8.0_301]
Caused by: javax.persistence.EntityNotFoundException: Unable to find tn.esprit.spring.User.User with id 10
	at org.hibernate.jpa.boot.internal.EntityManagerFactoryBuilderImpl$JpaEntityNotFoundDelegate.handleEntityNotFound(EntityManagerFactoryBuilderImpl.java:163) ~[hibernate-core-5.4.32.Final.jar:5.4.32.Final]
	at org.hibernate.event.internal.DefaultLoadEventListener.load(DefaultLoadEventListener.java:216) ~[hibernate-core-5.4.32.Final.jar:5.4.32.Final]
	at org.hibernate.event.internal.DefaultLoadEventListener.proxyOrLoad(DefaultLoadEventListener.java:332) ~[hibernate-core-5.4.32.Final.jar:5.4.32.Final]
	at org.hibernate.event.internal.DefaultLoadEventListener.doOnLoad(DefaultLoadEventListener.java:108) ~[hibernate-core-5.4.32.Final.jar:5.4.32.Final]
	at org.hibernate.event.internal.DefaultLoadEventListener.onLoad(DefaultLoadEventListener.java:74) ~[hibernate-core-5.4.32.Final.jar:5.4.32.Final]
	at org.hibernate.event.service.internal.EventListenerGroupImpl.fireEventOnEachListener(EventListenerGroupImpl.java:110) ~[hibernate-core-5.4.32.Final.jar:5.4.32.Final]
	at org.hibernate.internal.SessionImpl.fireLoadNoChecks(SessionImpl.java:1186) ~[hibernate-core-5.4.32.Final.jar:5.4.32.Final]
	at org.hibernate.internal.SessionImpl.internalLoad(SessionImpl.java:1051) ~[hibernate-core-5.4.32.Final.jar:5.4.32.Final]
	at org.hibernate.type.EntityType.resolveIdentifier(EntityType.java:697) ~[hibernate-core-5.4.32.Final.jar:5.4.32.Final]
	at org.hibernate.type.EntityType.resolve(EntityType.java:464) ~[hibernate-core-5.4.32.Final.jar:5.4.32.Final]
	at org.hibernate.type.ManyToOneType.resolve(ManyToOneType.java:240) ~[hibernate-core-5.4.32.Final.jar:5.4.32.Final]
	at org.hibernate.engine.internal.TwoPhaseLoad$EntityResolver.lambda$static$0(TwoPhaseLoad.java:576) ~[hibernate-core-5.4.32.Final.jar:5.4.32.Final]
	at org.hibernate.engine.internal.TwoPhaseLoad.initializeEntityEntryLoadedState(TwoPhaseLoad.java:221) ~[hibernate-core-5.4.32.Final.jar:5.4.32.Final]
	at org.hibernate.engine.internal.TwoPhaseLoad.initializeEntity(TwoPhaseLoad.java:155) ~[hibernate-core-5.4.32.Final.jar:5.4.32.Final]
	at org.hibernate.engine.internal.TwoPhaseLoad.initializeEntity(TwoPhaseLoad.java:126) ~[hibernate-core-5.4.32.Final.jar:5.4.32.Final]
	at org.hibernate.loader.Loader.initializeEntitiesAndCollections(Loader.java:1193) ~[hibernate-core-5.4.32.Final.jar:5.4.32.Final]
	at org.hibernate.loader.Loader.processResultSet(Loader.java:1001) ~[hibernate-core-5.4.32.Final.jar:5.4.32.Final]
	at org.hibernate.loader.Loader.doQuery(Loader.java:959) ~[hibernate-core-5.4.32.Final.jar:5.4.32.Final]
	at org.hibernate.loader.Loader.doQueryAndInitializeNonLazyCollections(Loader.java:349) ~[hibernate-core-5.4.32.Final.jar:5.4.32.Final]
	at org.hibernate.loader.Loader.doList(Loader.java:2843) ~[hibernate-core-5.4.32.Final.jar:5.4.32.Final]
	at org.hibernate.loader.Loader.doList(Loader.java:2825) ~[hibernate-core-5.4.32.Final.jar:5.4.32.Final]
	at org.hibernate.loader.Loader.listIgnoreQueryCache(Loader.java:2657) ~[hibernate-core-5.4.32.Final.jar:5.4.32.Final]
	at org.hibernate.loader.Loader.list(Loader.java:2652) ~[hibernate-core-5.4.32.Final.jar:5.4.32.Final]
	at org.hibernate.loader.hql.QueryLoader.list(QueryLoader.java:506) ~[hibernate-core-5.4.32.Final.jar:5.4.32.Final]
	at org.hibernate.hql.internal.ast.QueryTranslatorImpl.list(QueryTranslatorImpl.java:400) ~[hibernate-core-5.4.32.Final.jar:5.4.32.Final]
	at org.hibernate.engine.query.spi.HQLQueryPlan.performList(HQLQueryPlan.java:219) ~[hibernate-core-5.4.32.Final.jar:5.4.32.Final]
	at org.hibernate.internal.SessionImpl.list(SessionImpl.java:1414) ~[hibernate-core-5.4.32.Final.jar:5.4.32.Final]
	at org.hibernate.query.internal.AbstractProducedQuery.doList(AbstractProducedQuery.java:1636) ~[hibernate-core-5.4.32.Final.jar:5.4.32.Final]
	at org.hibernate.query.internal.AbstractProducedQuery.list(AbstractProducedQuery.java:1604) ~[hibernate-core-5.4.32.Final.jar:5.4.32.Final]
	at org.hibernate.query.Query.getResultList(Query.java:165) ~[hibernate-core-5.4.32.Final.jar:5.4.32.Final]
	at org.hibernate.query.criteria.internal.compile.CriteriaQueryTypeQueryAdapter.getResultList(CriteriaQueryTypeQueryAdapter.java:76) ~[hibernate-core-5.4.32.Final.jar:5.4.32.Final]
	at org.springframework.data.jpa.repository.support.SimpleJpaRepository.findAll(SimpleJpaRepository.java:396) ~[spring-data-jpa-2.5.6.jar:2.5.6]
	at org.springframework.data.jpa.repository.support.SimpleJpaRepository.deleteAll(SimpleJpaRepository.java:275) ~[spring-data-jpa-2.5.6.jar:2.5.6]
	at sun.reflect.NativeMethodAccessorImpl.invoke0(Native Method) ~[na:1.8.0_301]
	at sun.reflect.NativeMethodAccessorImpl.invoke(NativeMethodAccessorImpl.java:62) ~[na:1.8.0_301]
	at sun.reflect.DelegatingMethodAccessorImpl.invoke(DelegatingMethodAccessorImpl.java:43) ~[na:1.8.0_301]
	at java.lang.reflect.Method.invoke(Method.java:498) ~[na:1.8.0_301]
	at org.springframework.data.repository.core.support.RepositoryMethodInvoker$RepositoryFragmentMethodInvoker.lambda$new$0(RepositoryMethodInvoker.java:289) ~[spring-data-commons-2.5.6.jar:2.5.6]
	at org.springframework.data.repository.core.support.RepositoryMethodInvoker.doInvoke(RepositoryMethodInvoker.java:137) ~[spring-data-commons-2.5.6.jar:2.5.6]
	at org.springframework.data.repository.core.support.RepositoryMethodInvoker.invoke(RepositoryMethodInvoker.java:121) ~[spring-data-commons-2.5.6.jar:2.5.6]
	at org.springframework.data.repository.core.support.RepositoryComposition$RepositoryFragments.invoke(RepositoryComposition.java:529) ~[spring-data-commons-2.5.6.jar:2.5.6]
	at org.springframework.data.repository.core.support.RepositoryComposition.invoke(RepositoryComposition.java:285) ~[spring-data-commons-2.5.6.jar:2.5.6]
	at org.springframework.data.repository.core.support.RepositoryFactorySupport$ImplementationMethodExecutionInterceptor.invoke(RepositoryFactorySupport.java:599) ~[spring-data-commons-2.5.6.jar:2.5.6]
	at org.springframework.aop.framework.ReflectiveMethodInvocation.proceed(ReflectiveMethodInvocation.java:186) ~[spring-aop-5.3.12.jar:5.3.12]
	at org.springframework.data.repository.core.support.QueryExecutorMethodInterceptor.doInvoke(QueryExecutorMethodInterceptor.java:163) ~[spring-data-commons-2.5.6.jar:2.5.6]
	at org.springframework.data.repository.core.support.QueryExecutorMethodInterceptor.invoke(QueryExecutorMethodInterceptor.java:138) ~[spring-data-commons-2.5.6.jar:2.5.6]
	at org.springframework.aop.framework.ReflectiveMethodInvocation.proceed(ReflectiveMethodInvocation.java:186) ~[spring-aop-5.3.12.jar:5.3.12]
	at org.springframework.data.projection.DefaultMethodInvokingMethodInterceptor.invoke(DefaultMethodInvokingMethodInterceptor.java:80) ~[spring-data-commons-2.5.6.jar:2.5.6]
	at org.springframework.aop.framework.ReflectiveMethodInvocation.proceed(ReflectiveMethodInvocation.java:186) ~[spring-aop-5.3.12.jar:5.3.12]
	at org.springframework.transaction.interceptor.TransactionInterceptor$1.proceedWithInvocation(TransactionInterceptor.java:123) ~[spring-tx-5.3.12.jar:5.3.12]
	at org.springframework.transaction.interceptor.TransactionAspectSupport.invokeWithinTransaction(TransactionAspectSupport.java:388) ~[spring-tx-5.3.12.jar:5.3.12]
	at org.springframework.transaction.interceptor.TransactionInterceptor.invoke(TransactionInterceptor.java:119) ~[spring-tx-5.3.12.jar:5.3.12]
	at org.springframework.aop.framework.ReflectiveMethodInvocation.proceed(ReflectiveMethodInvocation.java:186) ~[spring-aop-5.3.12.jar:5.3.12]
	at org.springframework.dao.support.PersistenceExceptionTranslationInterceptor.invoke(PersistenceExceptionTranslationInterceptor.java:137) ~[spring-tx-5.3.12.jar:5.3.12]
	... 19 common frames omitted

2022-02-24 00:00:41.827  INFO 61949 --- [Thread-38] j.LocalContainerEntityManagerFactoryBean : Closing JPA EntityManagerFactory for persistence unit 'default'
2022-02-24 00:00:41.828  INFO 61949 --- [Thread-38] com.zaxxer.hikari.HikariDataSource       : HikariPool-6 - Shutdown initiated...
2022-02-24 00:00:41.834  INFO 61949 --- [Thread-38] com.zaxxer.hikari.HikariDataSource       : HikariPool-6 - Shutdown completed.
2022-02-24 00:00:42.136  INFO 61949 --- [restartedMain] t.e.spring.PiProjectBackendApplication   : Starting PiProjectBackendApplication using Java 1.8.0_301 on MacBook-Pro-de-Medali.local with PID 61949 (/Users/mac/Documents/GitHub/PIProjectBackend/target/classes started by mac in /Users/mac/Documents/GitHub/PIProjectBackend)
2022-02-24 00:00:42.136  INFO 61949 --- [restartedMain] t.e.spring.PiProjectBackendApplication   : No active profile set, falling back to default profiles: default
2022-02-24 00:00:42.585  INFO 61949 --- [restartedMain] .s.d.r.c.RepositoryConfigurationDelegate : Bootstrapping Spring Data JPA repositories in DEFAULT mode.
2022-02-24 00:00:42.640  INFO 61949 --- [restartedMain] .s.d.r.c.RepositoryConfigurationDelegate : Finished Spring Data repository scanning in 54 ms. Found 7 JPA repository interfaces.
2022-02-24 00:00:42.718  INFO 61949 --- [restartedMain] trationDelegate$BeanPostProcessorChecker : Bean 'org.springframework.ws.config.annotation.DelegatingWsConfiguration' of type [org.springframework.ws.config.annotation.DelegatingWsConfiguration$$EnhancerBySpringCGLIB$$4ba1cf82] is not eligible for getting processed by all BeanPostProcessors (for example: not eligible for auto-proxying)
2022-02-24 00:00:42.720  INFO 61949 --- [restartedMain] .w.s.a.s.AnnotationActionEndpointMapping : Supporting [WS-Addressing August 2004, WS-Addressing 1.0]
2022-02-24 00:00:42.778  INFO 61949 --- [restartedMain] o.s.b.w.embedded.tomcat.TomcatWebServer  : Tomcat initialized with port(s): 8080 (http)
2022-02-24 00:00:42.779  INFO 61949 --- [restartedMain] o.apache.catalina.core.StandardService   : Starting service [Tomcat]
2022-02-24 00:00:42.779  INFO 61949 --- [restartedMain] org.apache.catalina.core.StandardEngine  : Starting Servlet engine: [Apache Tomcat/9.0.54]
2022-02-24 00:00:42.785  INFO 61949 --- [restartedMain] o.a.c.c.C.[.[.[/WomenEmpowerment]        : Initializing Spring embedded WebApplicationContext
2022-02-24 00:00:42.785  INFO 61949 --- [restartedMain] w.s.c.ServletWebServerApplicationContext : Root WebApplicationContext: initialization completed in 647 ms
2022-02-24 00:00:42.845  INFO 61949 --- [restartedMain] o.hibernate.jpa.internal.util.LogHelper  : HHH000204: Processing PersistenceUnitInfo [name: default]
2022-02-24 00:00:42.849  INFO 61949 --- [restartedMain] com.zaxxer.hikari.HikariDataSource       : HikariPool-7 - Starting...
2022-02-24 00:00:42.868  INFO 61949 --- [restartedMain] com.zaxxer.hikari.HikariDataSource       : HikariPool-7 - Start completed.
2022-02-24 00:00:42.869  INFO 61949 --- [restartedMain] org.hibernate.dialect.Dialect            : HHH000400: Using dialect: org.hibernate.dialect.MySQL5Dialect
2022-02-24 00:00:44.054  INFO 61949 --- [restartedMain] o.h.e.t.j.p.i.JtaPlatformInitiator       : HHH000490: Using JtaPlatform implementation: [org.hibernate.engine.transaction.jta.platform.internal.NoJtaPlatform]
2022-02-24 00:00:44.054  INFO 61949 --- [restartedMain] j.LocalContainerEntityManagerFactoryBean : Initialized JPA EntityManagerFactory for persistence unit 'default'
2022-02-24 00:00:44.414  WARN 61949 --- [restartedMain] JpaBaseConfiguration$JpaWebConfiguration : spring.jpa.open-in-view is enabled by default. Therefore, database queries may be performed during view rendering. Explicitly configure spring.jpa.open-in-view to disable this warning
2022-02-24 00:00:44.628  INFO 61949 --- [restartedMain] o.s.s.web.DefaultSecurityFilterChain     : Will secure any request with [org.springframework.security.web.context.request.async.WebAsyncManagerIntegrationFilter@651b4bdf, org.springframework.security.web.context.SecurityContextPersistenceFilter@5c317a79, org.springframework.security.web.header.HeaderWriterFilter@71db9beb, org.springframework.web.filter.CorsFilter@51805f51, org.springframework.security.web.authentication.logout.LogoutFilter@7d8f5a3d, tn.esprit.spring.security.CustomAuthorizationFilter@744e004a, tn.esprit.spring.security.CustomAuthentificationFilter@129ec6cd, org.springframework.security.web.savedrequest.RequestCacheAwareFilter@a4e73d6, org.springframework.security.web.servletapi.SecurityContextHolderAwareRequestFilter@27e7a5b7, org.springframework.security.web.authentication.AnonymousAuthenticationFilter@2de432f2, org.springframework.security.web.session.SessionManagementFilter@f204e14, org.springframework.security.web.access.ExceptionTranslationFilter@5b71ab12, org.springframework.security.web.access.intercept.FilterSecurityInterceptor@6941eee0]
2022-02-24 00:00:44.671  INFO 61949 --- [restartedMain] o.s.b.d.a.OptionalLiveReloadServer       : LiveReload server is running on port 35729
2022-02-24 00:00:44.769  INFO 61949 --- [restartedMain] o.s.b.w.embedded.tomcat.TomcatWebServer  : Tomcat started on port(s): 8080 (http) with context path '/WomenEmpowerment'
2022-02-24 00:00:44.887  INFO 61949 --- [restartedMain] t.e.spring.PiProjectBackendApplication   : Started PiProjectBackendApplication in 2.826 seconds (JVM running for 3407.083)
2022-02-24 00:00:44.889  INFO 61949 --- [restartedMain] .ConditionEvaluationDeltaLoggingListener : Condition evaluation unchanged
2022-02-24 00:00:46.183  INFO 61949 --- [Thread-44] j.LocalContainerEntityManagerFactoryBean : Closing JPA EntityManagerFactory for persistence unit 'default'
2022-02-24 00:00:46.184  INFO 61949 --- [Thread-44] com.zaxxer.hikari.HikariDataSource       : HikariPool-7 - Shutdown initiated...
2022-02-24 00:00:46.190  INFO 61949 --- [Thread-44] com.zaxxer.hikari.HikariDataSource       : HikariPool-7 - Shutdown completed.
2022-02-24 00:00:46.402  INFO 61949 --- [restartedMain] t.e.spring.PiProjectBackendApplication   : Starting PiProjectBackendApplication using Java 1.8.0_301 on MacBook-Pro-de-Medali.local with PID 61949 (/Users/mac/Documents/GitHub/PIProjectBackend/target/classes started by mac in /Users/mac/Documents/GitHub/PIProjectBackend)
2022-02-24 00:00:46.402  INFO 61949 --- [restartedMain] t.e.spring.PiProjectBackendApplication   : No active profile set, falling back to default profiles: default
2022-02-24 00:00:46.760  INFO 61949 --- [restartedMain] .s.d.r.c.RepositoryConfigurationDelegate : Bootstrapping Spring Data JPA repositories in DEFAULT mode.
2022-02-24 00:00:46.803  INFO 61949 --- [restartedMain] .s.d.r.c.RepositoryConfigurationDelegate : Finished Spring Data repository scanning in 42 ms. Found 7 JPA repository interfaces.
2022-02-24 00:00:46.886  INFO 61949 --- [restartedMain] trationDelegate$BeanPostProcessorChecker : Bean 'org.springframework.ws.config.annotation.DelegatingWsConfiguration' of type [org.springframework.ws.config.annotation.DelegatingWsConfiguration$$EnhancerBySpringCGLIB$$4ba1cf82] is not eligible for getting processed by all BeanPostProcessors (for example: not eligible for auto-proxying)
2022-02-24 00:00:46.887  INFO 61949 --- [restartedMain] .w.s.a.s.AnnotationActionEndpointMapping : Supporting [WS-Addressing August 2004, WS-Addressing 1.0]
2022-02-24 00:00:46.942  INFO 61949 --- [restartedMain] o.s.b.w.embedded.tomcat.TomcatWebServer  : Tomcat initialized with port(s): 8080 (http)
2022-02-24 00:00:46.942  INFO 61949 --- [restartedMain] o.apache.catalina.core.StandardService   : Starting service [Tomcat]
2022-02-24 00:00:46.942  INFO 61949 --- [restartedMain] org.apache.catalina.core.StandardEngine  : Starting Servlet engine: [Apache Tomcat/9.0.54]
2022-02-24 00:00:46.947  INFO 61949 --- [restartedMain] o.a.c.c.C.[.[.[/WomenEmpowerment]        : Initializing Spring embedded WebApplicationContext
2022-02-24 00:00:46.948  INFO 61949 --- [restartedMain] w.s.c.ServletWebServerApplicationContext : Root WebApplicationContext: initialization completed in 543 ms
2022-02-24 00:00:46.997  INFO 61949 --- [restartedMain] o.hibernate.jpa.internal.util.LogHelper  : HHH000204: Processing PersistenceUnitInfo [name: default]
2022-02-24 00:00:47.002  INFO 61949 --- [restartedMain] com.zaxxer.hikari.HikariDataSource       : HikariPool-8 - Starting...
2022-02-24 00:00:47.021  INFO 61949 --- [restartedMain] com.zaxxer.hikari.HikariDataSource       : HikariPool-8 - Start completed.
2022-02-24 00:00:47.021  INFO 61949 --- [restartedMain] org.hibernate.dialect.Dialect            : HHH000400: Using dialect: org.hibernate.dialect.MySQL5Dialect
2022-02-24 00:00:47.927  INFO 61949 --- [restartedMain] o.h.e.t.j.p.i.JtaPlatformInitiator       : HHH000490: Using JtaPlatform implementation: [org.hibernate.engine.transaction.jta.platform.internal.NoJtaPlatform]
2022-02-24 00:00:47.927  INFO 61949 --- [restartedMain] j.LocalContainerEntityManagerFactoryBean : Initialized JPA EntityManagerFactory for persistence unit 'default'
2022-02-24 00:00:48.169  WARN 61949 --- [restartedMain] JpaBaseConfiguration$JpaWebConfiguration : spring.jpa.open-in-view is enabled by default. Therefore, database queries may be performed during view rendering. Explicitly configure spring.jpa.open-in-view to disable this warning
2022-02-24 00:00:48.346  INFO 61949 --- [restartedMain] o.s.s.web.DefaultSecurityFilterChain     : Will secure any request with [org.springframework.security.web.context.request.async.WebAsyncManagerIntegrationFilter@1c46aa21, org.springframework.security.web.context.SecurityContextPersistenceFilter@59e59d28, org.springframework.security.web.header.HeaderWriterFilter@c52f08e, org.springframework.web.filter.CorsFilter@1d2fbc42, org.springframework.security.web.authentication.logout.LogoutFilter@6e3cb58f, tn.esprit.spring.security.CustomAuthorizationFilter@5a15ba36, tn.esprit.spring.security.CustomAuthentificationFilter@7ac89100, org.springframework.security.web.savedrequest.RequestCacheAwareFilter@3cbd13ae, org.springframework.security.web.servletapi.SecurityContextHolderAwareRequestFilter@27705237, org.springframework.security.web.authentication.AnonymousAuthenticationFilter@53762bda, org.springframework.security.web.session.SessionManagementFilter@498eb0f3, org.springframework.security.web.access.ExceptionTranslationFilter@cfd3812, org.springframework.security.web.access.intercept.FilterSecurityInterceptor@4548539]
2022-02-24 00:00:48.379  INFO 61949 --- [restartedMain] o.s.b.d.a.OptionalLiveReloadServer       : LiveReload server is running on port 35729
2022-02-24 00:00:48.470  INFO 61949 --- [restartedMain] o.s.b.w.embedded.tomcat.TomcatWebServer  : Tomcat started on port(s): 8080 (http) with context path '/WomenEmpowerment'
2022-02-24 00:00:48.562  INFO 61949 --- [restartedMain] t.e.spring.PiProjectBackendApplication   : Started PiProjectBackendApplication in 2.195 seconds (JVM running for 3410.758)
2022-02-24 00:00:48.563  INFO 61949 --- [restartedMain] .ConditionEvaluationDeltaLoggingListener : Condition evaluation unchanged
2022-02-24 00:01:39.492  INFO 61949 --- [Thread-50] j.LocalContainerEntityManagerFactoryBean : Closing JPA EntityManagerFactory for persistence unit 'default'
2022-02-24 00:01:39.493  INFO 61949 --- [Thread-50] com.zaxxer.hikari.HikariDataSource       : HikariPool-8 - Shutdown initiated...
2022-02-24 00:01:39.503  INFO 61949 --- [Thread-50] com.zaxxer.hikari.HikariDataSource       : HikariPool-8 - Shutdown completed.
2022-02-24 00:01:39.790  INFO 61949 --- [restartedMain] t.e.spring.PiProjectBackendApplication   : Starting PiProjectBackendApplication using Java 1.8.0_301 on MacBook-Pro-de-Medali.local with PID 61949 (/Users/mac/Documents/GitHub/PIProjectBackend/target/classes started by mac in /Users/mac/Documents/GitHub/PIProjectBackend)
2022-02-24 00:01:39.791  INFO 61949 --- [restartedMain] t.e.spring.PiProjectBackendApplication   : No active profile set, falling back to default profiles: default
2022-02-24 00:01:40.131  INFO 61949 --- [restartedMain] .s.d.r.c.RepositoryConfigurationDelegate : Bootstrapping Spring Data JPA repositories in DEFAULT mode.
2022-02-24 00:01:40.179  INFO 61949 --- [restartedMain] .s.d.r.c.RepositoryConfigurationDelegate : Finished Spring Data repository scanning in 47 ms. Found 7 JPA repository interfaces.
2022-02-24 00:01:40.260  INFO 61949 --- [restartedMain] trationDelegate$BeanPostProcessorChecker : Bean 'org.springframework.ws.config.annotation.DelegatingWsConfiguration' of type [org.springframework.ws.config.annotation.DelegatingWsConfiguration$$EnhancerBySpringCGLIB$$4ba1cf82] is not eligible for getting processed by all BeanPostProcessors (for example: not eligible for auto-proxying)
2022-02-24 00:01:40.262  INFO 61949 --- [restartedMain] .w.s.a.s.AnnotationActionEndpointMapping : Supporting [WS-Addressing August 2004, WS-Addressing 1.0]
2022-02-24 00:01:40.326  INFO 61949 --- [restartedMain] o.s.b.w.embedded.tomcat.TomcatWebServer  : Tomcat initialized with port(s): 8080 (http)
2022-02-24 00:01:40.326  INFO 61949 --- [restartedMain] o.apache.catalina.core.StandardService   : Starting service [Tomcat]
2022-02-24 00:01:40.327  INFO 61949 --- [restartedMain] org.apache.catalina.core.StandardEngine  : Starting Servlet engine: [Apache Tomcat/9.0.54]
2022-02-24 00:01:40.333  INFO 61949 --- [restartedMain] o.a.c.c.C.[.[.[/WomenEmpowerment]        : Initializing Spring embedded WebApplicationContext
2022-02-24 00:01:40.333  INFO 61949 --- [restartedMain] w.s.c.ServletWebServerApplicationContext : Root WebApplicationContext: initialization completed in 540 ms
2022-02-24 00:01:40.387  INFO 61949 --- [restartedMain] o.hibernate.jpa.internal.util.LogHelper  : HHH000204: Processing PersistenceUnitInfo [name: default]
2022-02-24 00:01:40.391  INFO 61949 --- [restartedMain] com.zaxxer.hikari.HikariDataSource       : HikariPool-9 - Starting...
2022-02-24 00:01:40.411  INFO 61949 --- [restartedMain] com.zaxxer.hikari.HikariDataSource       : HikariPool-9 - Start completed.
2022-02-24 00:01:40.411  INFO 61949 --- [restartedMain] org.hibernate.dialect.Dialect            : HHH000400: Using dialect: org.hibernate.dialect.MySQL5Dialect
2022-02-24 00:01:41.402  INFO 61949 --- [restartedMain] o.h.e.t.j.p.i.JtaPlatformInitiator       : HHH000490: Using JtaPlatform implementation: [org.hibernate.engine.transaction.jta.platform.internal.NoJtaPlatform]
2022-02-24 00:01:41.402  INFO 61949 --- [restartedMain] j.LocalContainerEntityManagerFactoryBean : Initialized JPA EntityManagerFactory for persistence unit 'default'
2022-02-24 00:01:41.689  WARN 61949 --- [restartedMain] JpaBaseConfiguration$JpaWebConfiguration : spring.jpa.open-in-view is enabled by default. Therefore, database queries may be performed during view rendering. Explicitly configure spring.jpa.open-in-view to disable this warning
2022-02-24 00:01:41.891  INFO 61949 --- [restartedMain] o.s.s.web.DefaultSecurityFilterChain     : Will secure any request with [org.springframework.security.web.context.request.async.WebAsyncManagerIntegrationFilter@5dfd6d46, org.springframework.security.web.context.SecurityContextPersistenceFilter@1cf7dc25, org.springframework.security.web.header.HeaderWriterFilter@750612e, org.springframework.web.filter.CorsFilter@33496432, org.springframework.security.web.authentication.logout.LogoutFilter@370151f5, tn.esprit.spring.security.CustomAuthorizationFilter@3ccf8667, tn.esprit.spring.security.CustomAuthentificationFilter@cea74a1, org.springframework.security.web.savedrequest.RequestCacheAwareFilter@43516488, org.springframework.security.web.servletapi.SecurityContextHolderAwareRequestFilter@478c34dd, org.springframework.security.web.authentication.AnonymousAuthenticationFilter@3acbbf27, org.springframework.security.web.session.SessionManagementFilter@1bd93658, org.springframework.security.web.access.ExceptionTranslationFilter@d2a5a61, org.springframework.security.web.access.intercept.FilterSecurityInterceptor@30d018bf]
2022-02-24 00:01:41.926  INFO 61949 --- [restartedMain] o.s.b.d.a.OptionalLiveReloadServer       : LiveReload server is running on port 35729
2022-02-24 00:01:42.019  INFO 61949 --- [restartedMain] o.s.b.w.embedded.tomcat.TomcatWebServer  : Tomcat started on port(s): 8080 (http) with context path '/WomenEmpowerment'
2022-02-24 00:01:42.134  INFO 61949 --- [restartedMain] t.e.spring.PiProjectBackendApplication   : Started PiProjectBackendApplication in 2.398 seconds (JVM running for 3464.324)
2022-02-24 00:01:42.137  INFO 61949 --- [restartedMain] .ConditionEvaluationDeltaLoggingListener : Condition evaluation unchanged
2022-02-24 00:02:09.131  INFO 61949 --- [Thread-56] j.LocalContainerEntityManagerFactoryBean : Closing JPA EntityManagerFactory for persistence unit 'default'
2022-02-24 00:02:09.133  INFO 61949 --- [Thread-56] com.zaxxer.hikari.HikariDataSource       : HikariPool-9 - Shutdown initiated...
2022-02-24 00:02:09.140  INFO 61949 --- [Thread-56] com.zaxxer.hikari.HikariDataSource       : HikariPool-9 - Shutdown completed.
2022-02-24 00:02:09.326  INFO 61949 --- [restartedMain] t.e.spring.PiProjectBackendApplication   : Starting PiProjectBackendApplication using Java 1.8.0_301 on MacBook-Pro-de-Medali.local with PID 61949 (/Users/mac/Documents/GitHub/PIProjectBackend/target/classes started by mac in /Users/mac/Documents/GitHub/PIProjectBackend)
2022-02-24 00:02:09.326  INFO 61949 --- [restartedMain] t.e.spring.PiProjectBackendApplication   : No active profile set, falling back to default profiles: default
2022-02-24 00:02:09.672  INFO 61949 --- [restartedMain] .s.d.r.c.RepositoryConfigurationDelegate : Bootstrapping Spring Data JPA repositories in DEFAULT mode.
2022-02-24 00:02:09.720  INFO 61949 --- [restartedMain] .s.d.r.c.RepositoryConfigurationDelegate : Finished Spring Data repository scanning in 47 ms. Found 7 JPA repository interfaces.
2022-02-24 00:02:09.796  INFO 61949 --- [restartedMain] trationDelegate$BeanPostProcessorChecker : Bean 'org.springframework.ws.config.annotation.DelegatingWsConfiguration' of type [org.springframework.ws.config.annotation.DelegatingWsConfiguration$$EnhancerBySpringCGLIB$$4ba1cf82] is not eligible for getting processed by all BeanPostProcessors (for example: not eligible for auto-proxying)
2022-02-24 00:02:09.798  INFO 61949 --- [restartedMain] .w.s.a.s.AnnotationActionEndpointMapping : Supporting [WS-Addressing August 2004, WS-Addressing 1.0]
2022-02-24 00:02:09.848  INFO 61949 --- [restartedMain] o.s.b.w.embedded.tomcat.TomcatWebServer  : Tomcat initialized with port(s): 8080 (http)
2022-02-24 00:02:09.849  INFO 61949 --- [restartedMain] o.apache.catalina.core.StandardService   : Starting service [Tomcat]
2022-02-24 00:02:09.849  INFO 61949 --- [restartedMain] org.apache.catalina.core.StandardEngine  : Starting Servlet engine: [Apache Tomcat/9.0.54]
2022-02-24 00:02:09.854  INFO 61949 --- [restartedMain] o.a.c.c.C.[.[.[/WomenEmpowerment]        : Initializing Spring embedded WebApplicationContext
2022-02-24 00:02:09.854  INFO 61949 --- [restartedMain] w.s.c.ServletWebServerApplicationContext : Root WebApplicationContext: initialization completed in 526 ms
2022-02-24 00:02:09.902  INFO 61949 --- [restartedMain] o.hibernate.jpa.internal.util.LogHelper  : HHH000204: Processing PersistenceUnitInfo [name: default]
2022-02-24 00:02:09.906  INFO 61949 --- [restartedMain] com.zaxxer.hikari.HikariDataSource       : HikariPool-10 - Starting...
2022-02-24 00:02:09.924  INFO 61949 --- [restartedMain] com.zaxxer.hikari.HikariDataSource       : HikariPool-10 - Start completed.
2022-02-24 00:02:09.925  INFO 61949 --- [restartedMain] org.hibernate.dialect.Dialect            : HHH000400: Using dialect: org.hibernate.dialect.MySQL5Dialect
2022-02-24 00:02:10.849  INFO 61949 --- [restartedMain] o.h.e.t.j.p.i.JtaPlatformInitiator       : HHH000490: Using JtaPlatform implementation: [org.hibernate.engine.transaction.jta.platform.internal.NoJtaPlatform]
2022-02-24 00:02:10.849  INFO 61949 --- [restartedMain] j.LocalContainerEntityManagerFactoryBean : Initialized JPA EntityManagerFactory for persistence unit 'default'
2022-02-24 00:02:11.116  WARN 61949 --- [restartedMain] JpaBaseConfiguration$JpaWebConfiguration : spring.jpa.open-in-view is enabled by default. Therefore, database queries may be performed during view rendering. Explicitly configure spring.jpa.open-in-view to disable this warning
2022-02-24 00:02:11.288  INFO 61949 --- [restartedMain] o.s.s.web.DefaultSecurityFilterChain     : Will secure any request with [org.springframework.security.web.context.request.async.WebAsyncManagerIntegrationFilter@5ec49258, org.springframework.security.web.context.SecurityContextPersistenceFilter@4266c0c9, org.springframework.security.web.header.HeaderWriterFilter@2231f5fc, org.springframework.web.filter.CorsFilter@5a3e0011, org.springframework.security.web.authentication.logout.LogoutFilter@53a26ec9, tn.esprit.spring.security.CustomAuthorizationFilter@40144f2b, tn.esprit.spring.security.CustomAuthentificationFilter@e973bc1, org.springframework.security.web.savedrequest.RequestCacheAwareFilter@4a4be843, org.springframework.security.web.servletapi.SecurityContextHolderAwareRequestFilter@67f87ae3, org.springframework.security.web.authentication.AnonymousAuthenticationFilter@74bb2e19, org.springframework.security.web.session.SessionManagementFilter@11da3a98, org.springframework.security.web.access.ExceptionTranslationFilter@744f9d43, org.springframework.security.web.access.intercept.FilterSecurityInterceptor@5183f9d9]
2022-02-24 00:02:11.321  INFO 61949 --- [restartedMain] o.s.b.d.a.OptionalLiveReloadServer       : LiveReload server is running on port 35729
2022-02-24 00:02:11.405  INFO 61949 --- [restartedMain] o.s.b.w.embedded.tomcat.TomcatWebServer  : Tomcat started on port(s): 8080 (http) with context path '/WomenEmpowerment'
2022-02-24 00:02:11.510  INFO 61949 --- [restartedMain] t.e.spring.PiProjectBackendApplication   : Started PiProjectBackendApplication in 2.208 seconds (JVM running for 3493.698)
2022-02-24 00:02:11.511  INFO 61949 --- [restartedMain] .ConditionEvaluationDeltaLoggingListener : Condition evaluation unchanged
2022-02-24 00:03:00.580  INFO 61949 --- [http-nio-8080-exec-2] o.a.c.c.C.[.[.[/WomenEmpowerment]        : Initializing Spring DispatcherServlet 'dispatcherServlet'
2022-02-24 00:03:00.581  INFO 61949 --- [http-nio-8080-exec-2] o.s.web.servlet.DispatcherServlet        : Initializing Servlet 'dispatcherServlet'
2022-02-24 00:03:00.584  INFO 61949 --- [http-nio-8080-exec-2] o.s.web.servlet.DispatcherServlet        : Completed initialization in 3 ms
2022-02-24 00:04:01.133  INFO 61949 --- [Thread-62] j.LocalContainerEntityManagerFactoryBean : Closing JPA EntityManagerFactory for persistence unit 'default'
2022-02-24 00:04:01.134  INFO 61949 --- [Thread-62] com.zaxxer.hikari.HikariDataSource       : HikariPool-10 - Shutdown initiated...
2022-02-24 00:04:01.140  INFO 61949 --- [Thread-62] com.zaxxer.hikari.HikariDataSource       : HikariPool-10 - Shutdown completed.
2022-02-24 00:04:01.537  INFO 61949 --- [restartedMain] t.e.spring.PiProjectBackendApplication   : Starting PiProjectBackendApplication using Java 1.8.0_301 on MacBook-Pro-de-Medali.local with PID 61949 (/Users/mac/Documents/GitHub/PIProjectBackend/target/classes started by mac in /Users/mac/Documents/GitHub/PIProjectBackend)
2022-02-24 00:04:01.537  INFO 61949 --- [restartedMain] t.e.spring.PiProjectBackendApplication   : No active profile set, falling back to default profiles: default
2022-02-24 00:04:01.885  INFO 61949 --- [restartedMain] .s.d.r.c.RepositoryConfigurationDelegate : Bootstrapping Spring Data JPA repositories in DEFAULT mode.
2022-02-24 00:04:01.926  INFO 61949 --- [restartedMain] .s.d.r.c.RepositoryConfigurationDelegate : Finished Spring Data repository scanning in 41 ms. Found 7 JPA repository interfaces.
2022-02-24 00:04:01.999  INFO 61949 --- [restartedMain] trationDelegate$BeanPostProcessorChecker : Bean 'org.springframework.ws.config.annotation.DelegatingWsConfiguration' of type [org.springframework.ws.config.annotation.DelegatingWsConfiguration$$EnhancerBySpringCGLIB$$4ba1cf82] is not eligible for getting processed by all BeanPostProcessors (for example: not eligible for auto-proxying)
2022-02-24 00:04:02.000  INFO 61949 --- [restartedMain] .w.s.a.s.AnnotationActionEndpointMapping : Supporting [WS-Addressing August 2004, WS-Addressing 1.0]
2022-02-24 00:04:02.059  INFO 61949 --- [restartedMain] o.s.b.w.embedded.tomcat.TomcatWebServer  : Tomcat initialized with port(s): 8080 (http)
2022-02-24 00:04:02.059  INFO 61949 --- [restartedMain] o.apache.catalina.core.StandardService   : Starting service [Tomcat]
2022-02-24 00:04:02.060  INFO 61949 --- [restartedMain] org.apache.catalina.core.StandardEngine  : Starting Servlet engine: [Apache Tomcat/9.0.54]
2022-02-24 00:04:02.065  INFO 61949 --- [restartedMain] o.a.c.c.C.[.[.[/WomenEmpowerment]        : Initializing Spring embedded WebApplicationContext
2022-02-24 00:04:02.065  INFO 61949 --- [restartedMain] w.s.c.ServletWebServerApplicationContext : Root WebApplicationContext: initialization completed in 525 ms
2022-02-24 00:04:02.117  INFO 61949 --- [restartedMain] o.hibernate.jpa.internal.util.LogHelper  : HHH000204: Processing PersistenceUnitInfo [name: default]
2022-02-24 00:04:02.121  INFO 61949 --- [restartedMain] com.zaxxer.hikari.HikariDataSource       : HikariPool-11 - Starting...
2022-02-24 00:04:02.140  INFO 61949 --- [restartedMain] com.zaxxer.hikari.HikariDataSource       : HikariPool-11 - Start completed.
2022-02-24 00:04:02.141  INFO 61949 --- [restartedMain] org.hibernate.dialect.Dialect            : HHH000400: Using dialect: org.hibernate.dialect.MySQL5Dialect
2022-02-24 00:04:03.173  INFO 61949 --- [restartedMain] o.h.e.t.j.p.i.JtaPlatformInitiator       : HHH000490: Using JtaPlatform implementation: [org.hibernate.engine.transaction.jta.platform.internal.NoJtaPlatform]
2022-02-24 00:04:03.173  INFO 61949 --- [restartedMain] j.LocalContainerEntityManagerFactoryBean : Initialized JPA EntityManagerFactory for persistence unit 'default'
2022-02-24 00:04:03.444  WARN 61949 --- [restartedMain] JpaBaseConfiguration$JpaWebConfiguration : spring.jpa.open-in-view is enabled by default. Therefore, database queries may be performed during view rendering. Explicitly configure spring.jpa.open-in-view to disable this warning
2022-02-24 00:04:03.644  INFO 61949 --- [restartedMain] o.s.s.web.DefaultSecurityFilterChain     : Will secure any request with [org.springframework.security.web.context.request.async.WebAsyncManagerIntegrationFilter@25ee3c53, org.springframework.security.web.context.SecurityContextPersistenceFilter@78efab2, org.springframework.security.web.header.HeaderWriterFilter@5257862d, org.springframework.web.filter.CorsFilter@3d7f2d86, org.springframework.security.web.authentication.logout.LogoutFilter@79e75a42, tn.esprit.spring.security.CustomAuthorizationFilter@59877c19, tn.esprit.spring.security.CustomAuthentificationFilter@27d615e1, org.springframework.security.web.savedrequest.RequestCacheAwareFilter@77ba6d64, org.springframework.security.web.servletapi.SecurityContextHolderAwareRequestFilter@19b2fb50, org.springframework.security.web.authentication.AnonymousAuthenticationFilter@738eb9ec, org.springframework.security.web.session.SessionManagementFilter@494b34a9, org.springframework.security.web.access.ExceptionTranslationFilter@2f5be3e4, org.springframework.security.web.access.intercept.FilterSecurityInterceptor@45077515]
2022-02-24 00:04:03.679  INFO 61949 --- [restartedMain] o.s.b.d.a.OptionalLiveReloadServer       : LiveReload server is running on port 35729
2022-02-24 00:04:03.769  INFO 61949 --- [restartedMain] o.s.b.w.embedded.tomcat.TomcatWebServer  : Tomcat started on port(s): 8080 (http) with context path '/WomenEmpowerment'
2022-02-24 00:04:03.884  INFO 61949 --- [restartedMain] t.e.spring.PiProjectBackendApplication   : Started PiProjectBackendApplication in 2.52 seconds (JVM running for 3606.071)
2022-02-24 00:04:03.886  INFO 61949 --- [restartedMain] .ConditionEvaluationDeltaLoggingListener : Condition evaluation unchanged
2022-02-24 00:04:07.089  INFO 61949 --- [http-nio-8080-exec-2] o.a.c.c.C.[.[.[/WomenEmpowerment]        : Initializing Spring DispatcherServlet 'dispatcherServlet'
2022-02-24 00:04:07.089  INFO 61949 --- [http-nio-8080-exec-2] o.s.web.servlet.DispatcherServlet        : Initializing Servlet 'dispatcherServlet'
2022-02-24 00:04:07.091  INFO 61949 --- [http-nio-8080-exec-2] o.s.web.servlet.DispatcherServlet        : Completed initialization in 2 ms
2022-02-24 00:21:18.772  INFO 61949 --- [Thread-68] j.LocalContainerEntityManagerFactoryBean : Closing JPA EntityManagerFactory for persistence unit 'default'
2022-02-24 00:21:18.773  INFO 61949 --- [Thread-68] com.zaxxer.hikari.HikariDataSource       : HikariPool-11 - Shutdown initiated...
2022-02-24 00:21:18.778  INFO 61949 --- [Thread-68] com.zaxxer.hikari.HikariDataSource       : HikariPool-11 - Shutdown completed.
2022-02-24 00:21:19.160  INFO 61949 --- [restartedMain] t.e.spring.PiProjectBackendApplication   : Starting PiProjectBackendApplication using Java 1.8.0_301 on MacBook-Pro-de-Medali.local with PID 61949 (/Users/mac/Documents/GitHub/PIProjectBackend/target/classes started by mac in /Users/mac/Documents/GitHub/PIProjectBackend)
2022-02-24 00:21:19.161  INFO 61949 --- [restartedMain] t.e.spring.PiProjectBackendApplication   : No active profile set, falling back to default profiles: default
2022-02-24 00:21:19.509  INFO 61949 --- [restartedMain] .s.d.r.c.RepositoryConfigurationDelegate : Bootstrapping Spring Data JPA repositories in DEFAULT mode.
2022-02-24 00:21:19.575  INFO 61949 --- [restartedMain] .s.d.r.c.RepositoryConfigurationDelegate : Finished Spring Data repository scanning in 66 ms. Found 7 JPA repository interfaces.
2022-02-24 00:21:19.650  INFO 61949 --- [restartedMain] trationDelegate$BeanPostProcessorChecker : Bean 'org.springframework.ws.config.annotation.DelegatingWsConfiguration' of type [org.springframework.ws.config.annotation.DelegatingWsConfiguration$$EnhancerBySpringCGLIB$$4ba1cf82] is not eligible for getting processed by all BeanPostProcessors (for example: not eligible for auto-proxying)
2022-02-24 00:21:19.652  INFO 61949 --- [restartedMain] .w.s.a.s.AnnotationActionEndpointMapping : Supporting [WS-Addressing August 2004, WS-Addressing 1.0]
2022-02-24 00:21:19.704  INFO 61949 --- [restartedMain] o.s.b.w.embedded.tomcat.TomcatWebServer  : Tomcat initialized with port(s): 8080 (http)
2022-02-24 00:21:19.705  INFO 61949 --- [restartedMain] o.apache.catalina.core.StandardService   : Starting service [Tomcat]
2022-02-24 00:21:19.705  INFO 61949 --- [restartedMain] org.apache.catalina.core.StandardEngine  : Starting Servlet engine: [Apache Tomcat/9.0.54]
2022-02-24 00:21:19.710  INFO 61949 --- [restartedMain] o.a.c.c.C.[.[.[/WomenEmpowerment]        : Initializing Spring embedded WebApplicationContext
2022-02-24 00:21:19.710  INFO 61949 --- [restartedMain] w.s.c.ServletWebServerApplicationContext : Root WebApplicationContext: initialization completed in 548 ms
2022-02-24 00:21:19.759  INFO 61949 --- [restartedMain] o.hibernate.jpa.internal.util.LogHelper  : HHH000204: Processing PersistenceUnitInfo [name: default]
2022-02-24 00:21:19.762  INFO 61949 --- [restartedMain] com.zaxxer.hikari.HikariDataSource       : HikariPool-12 - Starting...
2022-02-24 00:21:19.778  INFO 61949 --- [restartedMain] com.zaxxer.hikari.HikariDataSource       : HikariPool-12 - Start completed.
2022-02-24 00:21:19.778  INFO 61949 --- [restartedMain] org.hibernate.dialect.Dialect            : HHH000400: Using dialect: org.hibernate.dialect.MySQL5Dialect
2022-02-24 00:21:20.752  INFO 61949 --- [restartedMain] o.h.e.t.j.p.i.JtaPlatformInitiator       : HHH000490: Using JtaPlatform implementation: [org.hibernate.engine.transaction.jta.platform.internal.NoJtaPlatform]
2022-02-24 00:21:20.752  INFO 61949 --- [restartedMain] j.LocalContainerEntityManagerFactoryBean : Initialized JPA EntityManagerFactory for persistence unit 'default'
2022-02-24 00:21:21.026  WARN 61949 --- [restartedMain] JpaBaseConfiguration$JpaWebConfiguration : spring.jpa.open-in-view is enabled by default. Therefore, database queries may be performed during view rendering. Explicitly configure spring.jpa.open-in-view to disable this warning
2022-02-24 00:21:21.236  INFO 61949 --- [restartedMain] o.s.s.web.DefaultSecurityFilterChain     : Will secure any request with [org.springframework.security.web.context.request.async.WebAsyncManagerIntegrationFilter@250a33b3, org.springframework.security.web.context.SecurityContextPersistenceFilter@44b17a5, org.springframework.security.web.header.HeaderWriterFilter@67e8d957, org.springframework.web.filter.CorsFilter@614e4bed, org.springframework.security.web.authentication.logout.LogoutFilter@4a1022ca, tn.esprit.spring.security.CustomAuthorizationFilter@5c404bfe, tn.esprit.spring.security.CustomAuthentificationFilter@210ad028, org.springframework.security.web.savedrequest.RequestCacheAwareFilter@9b6ddd3, org.springframework.security.web.servletapi.SecurityContextHolderAwareRequestFilter@28b59fd3, org.springframework.security.web.authentication.AnonymousAuthenticationFilter@5569f811, org.springframework.security.web.session.SessionManagementFilter@34a15200, org.springframework.security.web.access.ExceptionTranslationFilter@1d620255, org.springframework.security.web.access.intercept.FilterSecurityInterceptor@3ac8ffe9]
2022-02-24 00:21:21.275  INFO 61949 --- [restartedMain] o.s.b.d.a.OptionalLiveReloadServer       : LiveReload server is running on port 35729
2022-02-24 00:21:21.387  INFO 61949 --- [restartedMain] o.s.b.w.embedded.tomcat.TomcatWebServer  : Tomcat started on port(s): 8080 (http) with context path '/WomenEmpowerment'
2022-02-24 00:21:21.507  INFO 61949 --- [restartedMain] t.e.spring.PiProjectBackendApplication   : Started PiProjectBackendApplication in 2.476 seconds (JVM running for 4643.737)
2022-02-24 00:21:21.511  INFO 61949 --- [restartedMain] .ConditionEvaluationDeltaLoggingListener : Condition evaluation unchanged
2022-02-24 00:21:59.212  INFO 61949 --- [Thread-74] j.LocalContainerEntityManagerFactoryBean : Closing JPA EntityManagerFactory for persistence unit 'default'
2022-02-24 00:21:59.213  INFO 61949 --- [Thread-74] com.zaxxer.hikari.HikariDataSource       : HikariPool-12 - Shutdown initiated...
2022-02-24 00:21:59.219  INFO 61949 --- [Thread-74] com.zaxxer.hikari.HikariDataSource       : HikariPool-12 - Shutdown completed.
2022-02-24 00:21:59.439  INFO 61949 --- [restartedMain] t.e.spring.PiProjectBackendApplication   : Starting PiProjectBackendApplication using Java 1.8.0_301 on MacBook-Pro-de-Medali.local with PID 61949 (/Users/mac/Documents/GitHub/PIProjectBackend/target/classes started by mac in /Users/mac/Documents/GitHub/PIProjectBackend)
2022-02-24 00:21:59.440  INFO 61949 --- [restartedMain] t.e.spring.PiProjectBackendApplication   : No active profile set, falling back to default profiles: default
2022-02-24 00:21:59.789  INFO 61949 --- [restartedMain] .s.d.r.c.RepositoryConfigurationDelegate : Bootstrapping Spring Data JPA repositories in DEFAULT mode.
2022-02-24 00:21:59.834  INFO 61949 --- [restartedMain] .s.d.r.c.RepositoryConfigurationDelegate : Finished Spring Data repository scanning in 44 ms. Found 7 JPA repository interfaces.
2022-02-24 00:21:59.922  INFO 61949 --- [restartedMain] trationDelegate$BeanPostProcessorChecker : Bean 'org.springframework.ws.config.annotation.DelegatingWsConfiguration' of type [org.springframework.ws.config.annotation.DelegatingWsConfiguration$$EnhancerBySpringCGLIB$$4ba1cf82] is not eligible for getting processed by all BeanPostProcessors (for example: not eligible for auto-proxying)
2022-02-24 00:21:59.923  INFO 61949 --- [restartedMain] .w.s.a.s.AnnotationActionEndpointMapping : Supporting [WS-Addressing August 2004, WS-Addressing 1.0]
2022-02-24 00:21:59.979  INFO 61949 --- [restartedMain] o.s.b.w.embedded.tomcat.TomcatWebServer  : Tomcat initialized with port(s): 8080 (http)
2022-02-24 00:21:59.980  INFO 61949 --- [restartedMain] o.apache.catalina.core.StandardService   : Starting service [Tomcat]
2022-02-24 00:21:59.980  INFO 61949 --- [restartedMain] org.apache.catalina.core.StandardEngine  : Starting Servlet engine: [Apache Tomcat/9.0.54]
2022-02-24 00:21:59.985  INFO 61949 --- [restartedMain] o.a.c.c.C.[.[.[/WomenEmpowerment]        : Initializing Spring embedded WebApplicationContext
2022-02-24 00:21:59.985  INFO 61949 --- [restartedMain] w.s.c.ServletWebServerApplicationContext : Root WebApplicationContext: initialization completed in 542 ms
2022-02-24 00:22:00.036  INFO 61949 --- [restartedMain] o.hibernate.jpa.internal.util.LogHelper  : HHH000204: Processing PersistenceUnitInfo [name: default]
2022-02-24 00:22:00.040  INFO 61949 --- [restartedMain] com.zaxxer.hikari.HikariDataSource       : HikariPool-13 - Starting...
2022-02-24 00:22:00.058  INFO 61949 --- [restartedMain] com.zaxxer.hikari.HikariDataSource       : HikariPool-13 - Start completed.
2022-02-24 00:22:00.059  INFO 61949 --- [restartedMain] org.hibernate.dialect.Dialect            : HHH000400: Using dialect: org.hibernate.dialect.MySQL5Dialect
2022-02-24 00:22:00.961  INFO 61949 --- [restartedMain] o.h.e.t.j.p.i.JtaPlatformInitiator       : HHH000490: Using JtaPlatform implementation: [org.hibernate.engine.transaction.jta.platform.internal.NoJtaPlatform]
2022-02-24 00:22:00.961  INFO 61949 --- [restartedMain] j.LocalContainerEntityManagerFactoryBean : Initialized JPA EntityManagerFactory for persistence unit 'default'
2022-02-24 00:22:01.199  WARN 61949 --- [restartedMain] JpaBaseConfiguration$JpaWebConfiguration : spring.jpa.open-in-view is enabled by default. Therefore, database queries may be performed during view rendering. Explicitly configure spring.jpa.open-in-view to disable this warning
2022-02-24 00:22:01.371  INFO 61949 --- [restartedMain] o.s.s.web.DefaultSecurityFilterChain     : Will secure any request with [org.springframework.security.web.context.request.async.WebAsyncManagerIntegrationFilter@553a0ed, org.springframework.security.web.context.SecurityContextPersistenceFilter@168dfc7d, org.springframework.security.web.header.HeaderWriterFilter@44234272, org.springframework.web.filter.CorsFilter@5d6f28a0, org.springframework.security.web.authentication.logout.LogoutFilter@630abee4, tn.esprit.spring.security.CustomAuthorizationFilter@290255f3, tn.esprit.spring.security.CustomAuthentificationFilter@63a1aeaa, org.springframework.security.web.savedrequest.RequestCacheAwareFilter@55e7694d, org.springframework.security.web.servletapi.SecurityContextHolderAwareRequestFilter@b099151, org.springframework.security.web.authentication.AnonymousAuthenticationFilter@7bed3efb, org.springframework.security.web.session.SessionManagementFilter@109032ac, org.springframework.security.web.access.ExceptionTranslationFilter@3d9fc6df, org.springframework.security.web.access.intercept.FilterSecurityInterceptor@79d677fe]
2022-02-24 00:22:01.399  INFO 61949 --- [restartedMain] o.s.b.d.a.OptionalLiveReloadServer       : LiveReload server is running on port 35729
2022-02-24 00:22:01.471  INFO 61949 --- [restartedMain] o.s.b.w.embedded.tomcat.TomcatWebServer  : Tomcat started on port(s): 8080 (http) with context path '/WomenEmpowerment'
2022-02-24 00:22:01.558  INFO 61949 --- [restartedMain] t.e.spring.PiProjectBackendApplication   : Started PiProjectBackendApplication in 2.149 seconds (JVM running for 4683.787)
2022-02-24 00:22:01.559  INFO 61949 --- [restartedMain] .ConditionEvaluationDeltaLoggingListener : Condition evaluation unchanged
2022-02-24 00:44:35.025  INFO 61949 --- [Thread-80] j.LocalContainerEntityManagerFactoryBean : Closing JPA EntityManagerFactory for persistence unit 'default'
2022-02-24 00:44:35.030  INFO 61949 --- [Thread-80] com.zaxxer.hikari.HikariDataSource       : HikariPool-13 - Shutdown initiated...
2022-02-24 00:44:35.040  INFO 61949 --- [Thread-80] com.zaxxer.hikari.HikariDataSource       : HikariPool-13 - Shutdown completed.
2022-02-24 00:44:35.655  INFO 61949 --- [restartedMain] t.e.spring.PiProjectBackendApplication   : Starting PiProjectBackendApplication using Java 1.8.0_301 on MacBook-Pro-de-Medali.local with PID 61949 (/Users/mac/Documents/GitHub/PIProjectBackend/target/classes started by mac in /Users/mac/Documents/GitHub/PIProjectBackend)
2022-02-24 00:44:35.656  INFO 61949 --- [restartedMain] t.e.spring.PiProjectBackendApplication   : No active profile set, falling back to default profiles: default
2022-02-24 00:44:36.149  INFO 61949 --- [restartedMain] .s.d.r.c.RepositoryConfigurationDelegate : Bootstrapping Spring Data JPA repositories in DEFAULT mode.
2022-02-24 00:44:36.213  INFO 61949 --- [restartedMain] .s.d.r.c.RepositoryConfigurationDelegate : Finished Spring Data repository scanning in 64 ms. Found 7 JPA repository interfaces.
2022-02-24 00:44:36.301  INFO 61949 --- [restartedMain] trationDelegate$BeanPostProcessorChecker : Bean 'org.springframework.ws.config.annotation.DelegatingWsConfiguration' of type [org.springframework.ws.config.annotation.DelegatingWsConfiguration$$EnhancerBySpringCGLIB$$4ba1cf82] is not eligible for getting processed by all BeanPostProcessors (for example: not eligible for auto-proxying)
2022-02-24 00:44:36.302  INFO 61949 --- [restartedMain] .w.s.a.s.AnnotationActionEndpointMapping : Supporting [WS-Addressing August 2004, WS-Addressing 1.0]
2022-02-24 00:44:36.365  INFO 61949 --- [restartedMain] o.s.b.w.embedded.tomcat.TomcatWebServer  : Tomcat initialized with port(s): 8080 (http)
2022-02-24 00:44:36.366  INFO 61949 --- [restartedMain] o.apache.catalina.core.StandardService   : Starting service [Tomcat]
2022-02-24 00:44:36.366  INFO 61949 --- [restartedMain] org.apache.catalina.core.StandardEngine  : Starting Servlet engine: [Apache Tomcat/9.0.54]
2022-02-24 00:44:36.372  INFO 61949 --- [restartedMain] o.a.c.c.C.[.[.[/WomenEmpowerment]        : Initializing Spring embedded WebApplicationContext
2022-02-24 00:44:36.372  INFO 61949 --- [restartedMain] w.s.c.ServletWebServerApplicationContext : Root WebApplicationContext: initialization completed in 713 ms
2022-02-24 00:44:36.434  INFO 61949 --- [restartedMain] o.hibernate.jpa.internal.util.LogHelper  : HHH000204: Processing PersistenceUnitInfo [name: default]
2022-02-24 00:44:36.438  INFO 61949 --- [restartedMain] com.zaxxer.hikari.HikariDataSource       : HikariPool-14 - Starting...
2022-02-24 00:44:36.461  INFO 61949 --- [restartedMain] com.zaxxer.hikari.HikariDataSource       : HikariPool-14 - Start completed.
2022-02-24 00:44:36.461  INFO 61949 --- [restartedMain] org.hibernate.dialect.Dialect            : HHH000400: Using dialect: org.hibernate.dialect.MySQL5Dialect
2022-02-24 00:44:37.721  INFO 61949 --- [restartedMain] o.h.e.t.j.p.i.JtaPlatformInitiator       : HHH000490: Using JtaPlatform implementation: [org.hibernate.engine.transaction.jta.platform.internal.NoJtaPlatform]
2022-02-24 00:44:37.721  INFO 61949 --- [restartedMain] j.LocalContainerEntityManagerFactoryBean : Initialized JPA EntityManagerFactory for persistence unit 'default'
2022-02-24 00:44:38.059  WARN 61949 --- [restartedMain] JpaBaseConfiguration$JpaWebConfiguration : spring.jpa.open-in-view is enabled by default. Therefore, database queries may be performed during view rendering. Explicitly configure spring.jpa.open-in-view to disable this warning
2022-02-24 00:44:38.264  INFO 61949 --- [restartedMain] o.s.s.web.DefaultSecurityFilterChain     : Will secure any request with [org.springframework.security.web.context.request.async.WebAsyncManagerIntegrationFilter@1d5c8e0c, org.springframework.security.web.context.SecurityContextPersistenceFilter@4672f85a, org.springframework.security.web.header.HeaderWriterFilter@4feb86d8, org.springframework.web.filter.CorsFilter@20d901c4, org.springframework.security.web.authentication.logout.LogoutFilter@1eb18e89, tn.esprit.spring.security.CustomAuthorizationFilter@669f3ed5, tn.esprit.spring.security.CustomAuthentificationFilter@53eb3f58, org.springframework.security.web.savedrequest.RequestCacheAwareFilter@517c588d, org.springframework.security.web.servletapi.SecurityContextHolderAwareRequestFilter@4232d93c, org.springframework.security.web.authentication.AnonymousAuthenticationFilter@2a3ee7c7, org.springframework.security.web.session.SessionManagementFilter@2265f15a, org.springframework.security.web.access.ExceptionTranslationFilter@14107128, org.springframework.security.web.access.intercept.FilterSecurityInterceptor@1f255c92]
2022-02-24 00:44:38.297  INFO 61949 --- [restartedMain] o.s.b.d.a.OptionalLiveReloadServer       : LiveReload server is running on port 35729
2022-02-24 00:44:38.393  INFO 61949 --- [restartedMain] o.s.b.w.embedded.tomcat.TomcatWebServer  : Tomcat started on port(s): 8080 (http) with context path '/WomenEmpowerment'
2022-02-24 00:44:38.517  INFO 61949 --- [restartedMain] t.e.spring.PiProjectBackendApplication   : Started PiProjectBackendApplication in 3.078 seconds (JVM running for 6040.749)
2022-02-24 00:44:38.520  INFO 61949 --- [restartedMain] .ConditionEvaluationDeltaLoggingListener : Condition evaluation unchanged
2022-02-24 00:44:57.438  INFO 61949 --- [Thread-86] j.LocalContainerEntityManagerFactoryBean : Closing JPA EntityManagerFactory for persistence unit 'default'
2022-02-24 00:44:57.438  INFO 61949 --- [Thread-86] com.zaxxer.hikari.HikariDataSource       : HikariPool-14 - Shutdown initiated...
2022-02-24 00:44:57.445  INFO 61949 --- [Thread-86] com.zaxxer.hikari.HikariDataSource       : HikariPool-14 - Shutdown completed.
2022-02-24 00:44:57.668  INFO 61949 --- [restartedMain] t.e.spring.PiProjectBackendApplication   : Starting PiProjectBackendApplication using Java 1.8.0_301 on MacBook-Pro-de-Medali.local with PID 61949 (/Users/mac/Documents/GitHub/PIProjectBackend/target/classes started by mac in /Users/mac/Documents/GitHub/PIProjectBackend)
2022-02-24 00:44:57.668  INFO 61949 --- [restartedMain] t.e.spring.PiProjectBackendApplication   : No active profile set, falling back to default profiles: default
2022-02-24 00:44:58.003  INFO 61949 --- [restartedMain] .s.d.r.c.RepositoryConfigurationDelegate : Bootstrapping Spring Data JPA repositories in DEFAULT mode.
2022-02-24 00:44:58.046  INFO 61949 --- [restartedMain] .s.d.r.c.RepositoryConfigurationDelegate : Finished Spring Data repository scanning in 42 ms. Found 7 JPA repository interfaces.
2022-02-24 00:44:58.119  INFO 61949 --- [restartedMain] trationDelegate$BeanPostProcessorChecker : Bean 'org.springframework.ws.config.annotation.DelegatingWsConfiguration' of type [org.springframework.ws.config.annotation.DelegatingWsConfiguration$$EnhancerBySpringCGLIB$$4ba1cf82] is not eligible for getting processed by all BeanPostProcessors (for example: not eligible for auto-proxying)
2022-02-24 00:44:58.120  INFO 61949 --- [restartedMain] .w.s.a.s.AnnotationActionEndpointMapping : Supporting [WS-Addressing August 2004, WS-Addressing 1.0]
2022-02-24 00:44:58.174  INFO 61949 --- [restartedMain] o.s.b.w.embedded.tomcat.TomcatWebServer  : Tomcat initialized with port(s): 8080 (http)
2022-02-24 00:44:58.174  INFO 61949 --- [restartedMain] o.apache.catalina.core.StandardService   : Starting service [Tomcat]
2022-02-24 00:44:58.175  INFO 61949 --- [restartedMain] org.apache.catalina.core.StandardEngine  : Starting Servlet engine: [Apache Tomcat/9.0.54]
2022-02-24 00:44:58.180  INFO 61949 --- [restartedMain] o.a.c.c.C.[.[.[/WomenEmpowerment]        : Initializing Spring embedded WebApplicationContext
2022-02-24 00:44:58.180  INFO 61949 --- [restartedMain] w.s.c.ServletWebServerApplicationContext : Root WebApplicationContext: initialization completed in 510 ms
2022-02-24 00:44:58.225  INFO 61949 --- [restartedMain] o.hibernate.jpa.internal.util.LogHelper  : HHH000204: Processing PersistenceUnitInfo [name: default]
2022-02-24 00:44:58.229  INFO 61949 --- [restartedMain] com.zaxxer.hikari.HikariDataSource       : HikariPool-15 - Starting...
2022-02-24 00:44:58.246  INFO 61949 --- [restartedMain] com.zaxxer.hikari.HikariDataSource       : HikariPool-15 - Start completed.
2022-02-24 00:44:58.247  INFO 61949 --- [restartedMain] org.hibernate.dialect.Dialect            : HHH000400: Using dialect: org.hibernate.dialect.MySQL5Dialect
2022-02-24 00:44:59.253  INFO 61949 --- [restartedMain] o.h.e.t.j.p.i.JtaPlatformInitiator       : HHH000490: Using JtaPlatform implementation: [org.hibernate.engine.transaction.jta.platform.internal.NoJtaPlatform]
2022-02-24 00:44:59.253  INFO 61949 --- [restartedMain] j.LocalContainerEntityManagerFactoryBean : Initialized JPA EntityManagerFactory for persistence unit 'default'
2022-02-24 00:44:59.467  WARN 61949 --- [restartedMain] JpaBaseConfiguration$JpaWebConfiguration : spring.jpa.open-in-view is enabled by default. Therefore, database queries may be performed during view rendering. Explicitly configure spring.jpa.open-in-view to disable this warning
2022-02-24 00:44:59.652  INFO 61949 --- [restartedMain] o.s.s.web.DefaultSecurityFilterChain     : Will secure any request with [org.springframework.security.web.context.request.async.WebAsyncManagerIntegrationFilter@f5c676b, org.springframework.security.web.context.SecurityContextPersistenceFilter@1937fb55, org.springframework.security.web.header.HeaderWriterFilter@6d5905ee, org.springframework.web.filter.CorsFilter@43a878f4, org.springframework.security.web.authentication.logout.LogoutFilter@c88d50d, tn.esprit.spring.security.CustomAuthorizationFilter@175f8293, tn.esprit.spring.security.CustomAuthentificationFilter@65f8f7c0, org.springframework.security.web.savedrequest.RequestCacheAwareFilter@347c4c41, org.springframework.security.web.servletapi.SecurityContextHolderAwareRequestFilter@11af4955, org.springframework.security.web.authentication.AnonymousAuthenticationFilter@9f3a32b, org.springframework.security.web.session.SessionManagementFilter@10056a41, org.springframework.security.web.access.ExceptionTranslationFilter@3f5c270, org.springframework.security.web.access.intercept.FilterSecurityInterceptor@5945721a]
2022-02-24 00:44:59.681  INFO 61949 --- [restartedMain] o.s.b.d.a.OptionalLiveReloadServer       : LiveReload server is running on port 35729
2022-02-24 00:44:59.755  INFO 61949 --- [restartedMain] o.s.b.w.embedded.tomcat.TomcatWebServer  : Tomcat started on port(s): 8080 (http) with context path '/WomenEmpowerment'
2022-02-24 00:44:59.852  INFO 61949 --- [restartedMain] t.e.spring.PiProjectBackendApplication   : Started PiProjectBackendApplication in 2.229 seconds (JVM running for 6062.084)
2022-02-24 00:44:59.854  INFO 61949 --- [restartedMain] .ConditionEvaluationDeltaLoggingListener : Condition evaluation unchanged
2022-02-24 00:45:51.702  INFO 61949 --- [http-nio-8080-exec-2] o.a.c.c.C.[.[.[/WomenEmpowerment]        : Initializing Spring DispatcherServlet 'dispatcherServlet'
2022-02-24 00:45:51.703  INFO 61949 --- [http-nio-8080-exec-2] o.s.web.servlet.DispatcherServlet        : Initializing Servlet 'dispatcherServlet'
2022-02-24 00:45:51.705  INFO 61949 --- [http-nio-8080-exec-2] o.s.web.servlet.DispatcherServlet        : Completed initialization in 2 ms
2022-02-24 00:45:51.752 ERROR 61949 --- [http-nio-8080-exec-2] t.e.s.s.CustomAuthorizationFilter        : error loging in
2022-02-24 00:46:27.843 ERROR 61949 --- [http-nio-8080-exec-3] t.e.s.s.CustomAuthorizationFilter        : error loging in
2022-02-24 00:47:20.808  INFO 61949 --- [Thread-92] j.LocalContainerEntityManagerFactoryBean : Closing JPA EntityManagerFactory for persistence unit 'default'
2022-02-24 00:47:20.808  INFO 61949 --- [Thread-92] com.zaxxer.hikari.HikariDataSource       : HikariPool-15 - Shutdown initiated...
2022-02-24 00:47:20.837  INFO 61949 --- [Thread-92] com.zaxxer.hikari.HikariDataSource       : HikariPool-15 - Shutdown completed.
2022-02-24 00:47:21.269  INFO 61949 --- [restartedMain] t.e.spring.PiProjectBackendApplication   : Starting PiProjectBackendApplication using Java 1.8.0_301 on MacBook-Pro-de-Medali.local with PID 61949 (/Users/mac/Documents/GitHub/PIProjectBackend/target/classes started by mac in /Users/mac/Documents/GitHub/PIProjectBackend)
2022-02-24 00:47:21.269  INFO 61949 --- [restartedMain] t.e.spring.PiProjectBackendApplication   : No active profile set, falling back to default profiles: default
2022-02-24 00:47:21.571  INFO 61949 --- [restartedMain] .s.d.r.c.RepositoryConfigurationDelegate : Bootstrapping Spring Data JPA repositories in DEFAULT mode.
2022-02-24 00:47:21.611  INFO 61949 --- [restartedMain] .s.d.r.c.RepositoryConfigurationDelegate : Finished Spring Data repository scanning in 40 ms. Found 7 JPA repository interfaces.
2022-02-24 00:47:21.696  INFO 61949 --- [restartedMain] trationDelegate$BeanPostProcessorChecker : Bean 'org.springframework.ws.config.annotation.DelegatingWsConfiguration' of type [org.springframework.ws.config.annotation.DelegatingWsConfiguration$$EnhancerBySpringCGLIB$$4ba1cf82] is not eligible for getting processed by all BeanPostProcessors (for example: not eligible for auto-proxying)
2022-02-24 00:47:21.697  INFO 61949 --- [restartedMain] .w.s.a.s.AnnotationActionEndpointMapping : Supporting [WS-Addressing August 2004, WS-Addressing 1.0]
2022-02-24 00:47:21.758  INFO 61949 --- [restartedMain] o.s.b.w.embedded.tomcat.TomcatWebServer  : Tomcat initialized with port(s): 8080 (http)
2022-02-24 00:47:21.758  INFO 61949 --- [restartedMain] o.apache.catalina.core.StandardService   : Starting service [Tomcat]
2022-02-24 00:47:21.759  INFO 61949 --- [restartedMain] org.apache.catalina.core.StandardEngine  : Starting Servlet engine: [Apache Tomcat/9.0.54]
2022-02-24 00:47:21.765  INFO 61949 --- [restartedMain] o.a.c.c.C.[.[.[/WomenEmpowerment]        : Initializing Spring embedded WebApplicationContext
2022-02-24 00:47:21.765  INFO 61949 --- [restartedMain] w.s.c.ServletWebServerApplicationContext : Root WebApplicationContext: initialization completed in 493 ms
2022-02-24 00:47:21.823  INFO 61949 --- [restartedMain] o.hibernate.jpa.internal.util.LogHelper  : HHH000204: Processing PersistenceUnitInfo [name: default]
2022-02-24 00:47:21.828  INFO 61949 --- [restartedMain] com.zaxxer.hikari.HikariDataSource       : HikariPool-16 - Starting...
2022-02-24 00:47:21.847  INFO 61949 --- [restartedMain] com.zaxxer.hikari.HikariDataSource       : HikariPool-16 - Start completed.
2022-02-24 00:47:21.847  INFO 61949 --- [restartedMain] org.hibernate.dialect.Dialect            : HHH000400: Using dialect: org.hibernate.dialect.MySQL5Dialect
2022-02-24 00:47:22.791  INFO 61949 --- [restartedMain] o.h.e.t.j.p.i.JtaPlatformInitiator       : HHH000490: Using JtaPlatform implementation: [org.hibernate.engine.transaction.jta.platform.internal.NoJtaPlatform]
2022-02-24 00:47:22.792  INFO 61949 --- [restartedMain] j.LocalContainerEntityManagerFactoryBean : Initialized JPA EntityManagerFactory for persistence unit 'default'
2022-02-24 00:47:23.008  WARN 61949 --- [restartedMain] JpaBaseConfiguration$JpaWebConfiguration : spring.jpa.open-in-view is enabled by default. Therefore, database queries may be performed during view rendering. Explicitly configure spring.jpa.open-in-view to disable this warning
2022-02-24 00:47:23.203  INFO 61949 --- [restartedMain] o.s.s.web.DefaultSecurityFilterChain     : Will secure any request with [org.springframework.security.web.context.request.async.WebAsyncManagerIntegrationFilter@5acdf565, org.springframework.security.web.context.SecurityContextPersistenceFilter@31ebfd7d, org.springframework.security.web.header.HeaderWriterFilter@5ca88372, org.springframework.web.filter.CorsFilter@624013e7, org.springframework.security.web.authentication.logout.LogoutFilter@4863776e, tn.esprit.spring.security.CustomAuthorizationFilter@2fc369ea, tn.esprit.spring.security.CustomAuthentificationFilter@6ca2e62, org.springframework.security.web.savedrequest.RequestCacheAwareFilter@433a1c54, org.springframework.security.web.servletapi.SecurityContextHolderAwareRequestFilter@5b11b452, org.springframework.security.web.authentication.AnonymousAuthenticationFilter@33999503, org.springframework.security.web.session.SessionManagementFilter@43e7c0df, org.springframework.security.web.access.ExceptionTranslationFilter@5c85d4c0, org.springframework.security.web.access.intercept.FilterSecurityInterceptor@2eb0f212]
2022-02-24 00:47:23.248  INFO 61949 --- [restartedMain] o.s.b.d.a.OptionalLiveReloadServer       : LiveReload server is running on port 35729
2022-02-24 00:47:23.351  INFO 61949 --- [restartedMain] o.s.b.w.embedded.tomcat.TomcatWebServer  : Tomcat started on port(s): 8080 (http) with context path '/WomenEmpowerment'
2022-02-24 00:47:23.446  INFO 61949 --- [restartedMain] t.e.spring.PiProjectBackendApplication   : Started PiProjectBackendApplication in 2.336 seconds (JVM running for 6205.701)
2022-02-24 00:47:23.448  INFO 61949 --- [restartedMain] .ConditionEvaluationDeltaLoggingListener : Condition evaluation unchanged
2022-02-24 00:48:11.957  INFO 61949 --- [http-nio-8080-exec-2] o.a.c.c.C.[.[.[/WomenEmpowerment]        : Initializing Spring DispatcherServlet 'dispatcherServlet'
2022-02-24 00:48:11.958  INFO 61949 --- [http-nio-8080-exec-2] o.s.web.servlet.DispatcherServlet        : Initializing Servlet 'dispatcherServlet'
2022-02-24 00:48:11.960  INFO 61949 --- [http-nio-8080-exec-2] o.s.web.servlet.DispatcherServlet        : Completed initialization in 2 ms
2022-02-24 00:48:11.966  WARN 61949 --- [http-nio-8080-exec-2] .w.s.m.s.DefaultHandlerExceptionResolver : Resolved [org.springframework.web.HttpRequestMethodNotSupportedException: Request method 'DELETE' not supported]
2022-02-24 00:50:17.729  INFO 61949 --- [Thread-98] j.LocalContainerEntityManagerFactoryBean : Closing JPA EntityManagerFactory for persistence unit 'default'
2022-02-24 00:50:17.732  INFO 61949 --- [Thread-98] com.zaxxer.hikari.HikariDataSource       : HikariPool-16 - Shutdown initiated...
2022-02-24 00:50:17.737  INFO 61949 --- [Thread-98] com.zaxxer.hikari.HikariDataSource       : HikariPool-16 - Shutdown completed.
2022-02-24 00:50:18.279  INFO 61949 --- [restartedMain] t.e.spring.PiProjectBackendApplication   : Starting PiProjectBackendApplication using Java 1.8.0_301 on MacBook-Pro-de-Medali.local with PID 61949 (/Users/mac/Documents/GitHub/PIProjectBackend/target/classes started by mac in /Users/mac/Documents/GitHub/PIProjectBackend)
2022-02-24 00:50:18.279  INFO 61949 --- [restartedMain] t.e.spring.PiProjectBackendApplication   : No active profile set, falling back to default profiles: default
2022-02-24 00:50:18.575  INFO 61949 --- [restartedMain] .s.d.r.c.RepositoryConfigurationDelegate : Bootstrapping Spring Data JPA repositories in DEFAULT mode.
2022-02-24 00:50:18.616  INFO 61949 --- [restartedMain] .s.d.r.c.RepositoryConfigurationDelegate : Finished Spring Data repository scanning in 40 ms. Found 7 JPA repository interfaces.
2022-02-24 00:50:18.687  INFO 61949 --- [restartedMain] trationDelegate$BeanPostProcessorChecker : Bean 'org.springframework.ws.config.annotation.DelegatingWsConfiguration' of type [org.springframework.ws.config.annotation.DelegatingWsConfiguration$$EnhancerBySpringCGLIB$$4ba1cf82] is not eligible for getting processed by all BeanPostProcessors (for example: not eligible for auto-proxying)
2022-02-24 00:50:18.688  INFO 61949 --- [restartedMain] .w.s.a.s.AnnotationActionEndpointMapping : Supporting [WS-Addressing August 2004, WS-Addressing 1.0]
2022-02-24 00:50:18.750  INFO 61949 --- [restartedMain] o.s.b.w.embedded.tomcat.TomcatWebServer  : Tomcat initialized with port(s): 8080 (http)
2022-02-24 00:50:18.751  INFO 61949 --- [restartedMain] o.apache.catalina.core.StandardService   : Starting service [Tomcat]
2022-02-24 00:50:18.751  INFO 61949 --- [restartedMain] org.apache.catalina.core.StandardEngine  : Starting Servlet engine: [Apache Tomcat/9.0.54]
2022-02-24 00:50:18.756  INFO 61949 --- [restartedMain] o.a.c.c.C.[.[.[/WomenEmpowerment]        : Initializing Spring embedded WebApplicationContext
2022-02-24 00:50:18.756  INFO 61949 --- [restartedMain] w.s.c.ServletWebServerApplicationContext : Root WebApplicationContext: initialization completed in 475 ms
2022-02-24 00:50:18.804  INFO 61949 --- [restartedMain] o.hibernate.jpa.internal.util.LogHelper  : HHH000204: Processing PersistenceUnitInfo [name: default]
2022-02-24 00:50:18.808  INFO 61949 --- [restartedMain] com.zaxxer.hikari.HikariDataSource       : HikariPool-17 - Starting...
2022-02-24 00:50:18.826  INFO 61949 --- [restartedMain] com.zaxxer.hikari.HikariDataSource       : HikariPool-17 - Start completed.
2022-02-24 00:50:18.826  INFO 61949 --- [restartedMain] org.hibernate.dialect.Dialect            : HHH000400: Using dialect: org.hibernate.dialect.MySQL5Dialect
2022-02-24 00:50:19.752  INFO 61949 --- [restartedMain] o.h.e.t.j.p.i.JtaPlatformInitiator       : HHH000490: Using JtaPlatform implementation: [org.hibernate.engine.transaction.jta.platform.internal.NoJtaPlatform]
2022-02-24 00:50:19.752  INFO 61949 --- [restartedMain] j.LocalContainerEntityManagerFactoryBean : Initialized JPA EntityManagerFactory for persistence unit 'default'
2022-02-24 00:50:20.003  WARN 61949 --- [restartedMain] JpaBaseConfiguration$JpaWebConfiguration : spring.jpa.open-in-view is enabled by default. Therefore, database queries may be performed during view rendering. Explicitly configure spring.jpa.open-in-view to disable this warning
2022-02-24 00:50:20.209  INFO 61949 --- [restartedMain] o.s.s.web.DefaultSecurityFilterChain     : Will secure any request with [org.springframework.security.web.context.request.async.WebAsyncManagerIntegrationFilter@15364ebb, org.springframework.security.web.context.SecurityContextPersistenceFilter@1ce0481c, org.springframework.security.web.header.HeaderWriterFilter@5ac4526a, org.springframework.web.filter.CorsFilter@571c12fd, org.springframework.security.web.authentication.logout.LogoutFilter@763301c9, tn.esprit.spring.security.CustomAuthorizationFilter@3fc4b44b, tn.esprit.spring.security.CustomAuthentificationFilter@6fb5a615, org.springframework.security.web.savedrequest.RequestCacheAwareFilter@752ac5, org.springframework.security.web.servletapi.SecurityContextHolderAwareRequestFilter@78da7fa3, org.springframework.security.web.authentication.AnonymousAuthenticationFilter@48516ece, org.springframework.security.web.session.SessionManagementFilter@50180be7, org.springframework.security.web.access.ExceptionTranslationFilter@788c80ad, org.springframework.security.web.access.intercept.FilterSecurityInterceptor@59812412]
2022-02-24 00:50:20.242  INFO 61949 --- [restartedMain] o.s.b.d.a.OptionalLiveReloadServer       : LiveReload server is running on port 35729
2022-02-24 00:50:20.332  INFO 61949 --- [restartedMain] o.s.b.w.embedded.tomcat.TomcatWebServer  : Tomcat started on port(s): 8080 (http) with context path '/WomenEmpowerment'
2022-02-24 00:50:20.426  INFO 61949 --- [restartedMain] t.e.spring.PiProjectBackendApplication   : Started PiProjectBackendApplication in 2.371 seconds (JVM running for 6382.682)
2022-02-24 00:50:20.428  INFO 61949 --- [restartedMain] .ConditionEvaluationDeltaLoggingListener : Condition evaluation unchanged
2022-02-24 00:50:50.670  INFO 61949 --- [http-nio-8080-exec-2] o.a.c.c.C.[.[.[/WomenEmpowerment]        : Initializing Spring DispatcherServlet 'dispatcherServlet'
2022-02-24 00:50:50.671  INFO 61949 --- [http-nio-8080-exec-2] o.s.web.servlet.DispatcherServlet        : Initializing Servlet 'dispatcherServlet'
2022-02-24 00:50:50.673  INFO 61949 --- [http-nio-8080-exec-2] o.s.web.servlet.DispatcherServlet        : Completed initialization in 2 ms
2022-02-24 00:50:50.676  WARN 61949 --- [http-nio-8080-exec-2] .w.s.m.s.DefaultHandlerExceptionResolver : Resolved [org.springframework.web.HttpRequestMethodNotSupportedException: Request method 'DELETE' not supported]
2022-02-24 00:54:00.734  INFO 61949 --- [Thread-104] j.LocalContainerEntityManagerFactoryBean : Closing JPA EntityManagerFactory for persistence unit 'default'
2022-02-24 00:54:00.736  INFO 61949 --- [Thread-104] com.zaxxer.hikari.HikariDataSource       : HikariPool-17 - Shutdown initiated...
2022-02-24 00:54:00.739  INFO 61949 --- [Thread-104] com.zaxxer.hikari.HikariDataSource       : HikariPool-17 - Shutdown completed.
2022-02-24 00:54:01.097  INFO 61949 --- [restartedMain] t.e.spring.PiProjectBackendApplication   : Starting PiProjectBackendApplication using Java 1.8.0_301 on MacBook-Pro-de-Medali.local with PID 61949 (/Users/mac/Documents/GitHub/PIProjectBackend/target/classes started by mac in /Users/mac/Documents/GitHub/PIProjectBackend)
2022-02-24 00:54:01.097  INFO 61949 --- [restartedMain] t.e.spring.PiProjectBackendApplication   : No active profile set, falling back to default profiles: default
2022-02-24 00:54:01.529  INFO 61949 --- [restartedMain] .s.d.r.c.RepositoryConfigurationDelegate : Bootstrapping Spring Data JPA repositories in DEFAULT mode.
2022-02-24 00:54:01.573  INFO 61949 --- [restartedMain] .s.d.r.c.RepositoryConfigurationDelegate : Finished Spring Data repository scanning in 43 ms. Found 7 JPA repository interfaces.
2022-02-24 00:54:01.654  INFO 61949 --- [restartedMain] trationDelegate$BeanPostProcessorChecker : Bean 'org.springframework.ws.config.annotation.DelegatingWsConfiguration' of type [org.springframework.ws.config.annotation.DelegatingWsConfiguration$$EnhancerBySpringCGLIB$$4ba1cf82] is not eligible for getting processed by all BeanPostProcessors (for example: not eligible for auto-proxying)
2022-02-24 00:54:01.655  INFO 61949 --- [restartedMain] .w.s.a.s.AnnotationActionEndpointMapping : Supporting [WS-Addressing August 2004, WS-Addressing 1.0]
2022-02-24 00:54:01.710  INFO 61949 --- [restartedMain] o.s.b.w.embedded.tomcat.TomcatWebServer  : Tomcat initialized with port(s): 8080 (http)
2022-02-24 00:54:01.710  INFO 61949 --- [restartedMain] o.apache.catalina.core.StandardService   : Starting service [Tomcat]
2022-02-24 00:54:01.710  INFO 61949 --- [restartedMain] org.apache.catalina.core.StandardEngine  : Starting Servlet engine: [Apache Tomcat/9.0.54]
2022-02-24 00:54:01.716  INFO 61949 --- [restartedMain] o.a.c.c.C.[.[.[/WomenEmpowerment]        : Initializing Spring embedded WebApplicationContext
2022-02-24 00:54:01.716  INFO 61949 --- [restartedMain] w.s.c.ServletWebServerApplicationContext : Root WebApplicationContext: initialization completed in 616 ms
2022-02-24 00:54:01.781  INFO 61949 --- [restartedMain] o.hibernate.jpa.internal.util.LogHelper  : HHH000204: Processing PersistenceUnitInfo [name: default]
2022-02-24 00:54:01.784  INFO 61949 --- [restartedMain] com.zaxxer.hikari.HikariDataSource       : HikariPool-18 - Starting...
2022-02-24 00:54:01.806  INFO 61949 --- [restartedMain] com.zaxxer.hikari.HikariDataSource       : HikariPool-18 - Start completed.
2022-02-24 00:54:01.807  INFO 61949 --- [restartedMain] org.hibernate.dialect.Dialect            : HHH000400: Using dialect: org.hibernate.dialect.MySQL5Dialect
2022-02-24 00:54:02.917  INFO 61949 --- [restartedMain] o.h.e.t.j.p.i.JtaPlatformInitiator       : HHH000490: Using JtaPlatform implementation: [org.hibernate.engine.transaction.jta.platform.internal.NoJtaPlatform]
2022-02-24 00:54:02.918  INFO 61949 --- [restartedMain] j.LocalContainerEntityManagerFactoryBean : Initialized JPA EntityManagerFactory for persistence unit 'default'
2022-02-24 00:54:03.184  WARN 61949 --- [restartedMain] JpaBaseConfiguration$JpaWebConfiguration : spring.jpa.open-in-view is enabled by default. Therefore, database queries may be performed during view rendering. Explicitly configure spring.jpa.open-in-view to disable this warning
2022-02-24 00:54:03.345  INFO 61949 --- [restartedMain] o.s.s.web.DefaultSecurityFilterChain     : Will secure any request with [org.springframework.security.web.context.request.async.WebAsyncManagerIntegrationFilter@666a85af, org.springframework.security.web.context.SecurityContextPersistenceFilter@42a4310, org.springframework.security.web.header.HeaderWriterFilter@6c33770f, org.springframework.web.filter.CorsFilter@4f498de4, org.springframework.security.web.authentication.logout.LogoutFilter@53bcaed8, tn.esprit.spring.security.CustomAuthorizationFilter@4d58130b, tn.esprit.spring.security.CustomAuthentificationFilter@11156a3d, org.springframework.security.web.savedrequest.RequestCacheAwareFilter@70b779d4, org.springframework.security.web.servletapi.SecurityContextHolderAwareRequestFilter@74bf3c2, org.springframework.security.web.authentication.AnonymousAuthenticationFilter@23e0c24d, org.springframework.security.web.session.SessionManagementFilter@62fc0da6, org.springframework.security.web.access.ExceptionTranslationFilter@5ef54392, org.springframework.security.web.access.intercept.FilterSecurityInterceptor@c9a017c]
2022-02-24 00:54:03.374  INFO 61949 --- [restartedMain] o.s.b.d.a.OptionalLiveReloadServer       : LiveReload server is running on port 35729
2022-02-24 00:54:03.458  INFO 61949 --- [restartedMain] o.s.b.w.embedded.tomcat.TomcatWebServer  : Tomcat started on port(s): 8080 (http) with context path '/WomenEmpowerment'
2022-02-24 00:54:03.566  INFO 61949 --- [restartedMain] t.e.spring.PiProjectBackendApplication   : Started PiProjectBackendApplication in 2.62 seconds (JVM running for 6605.824)
2022-02-24 00:54:03.568  INFO 61949 --- [restartedMain] .ConditionEvaluationDeltaLoggingListener : Condition evaluation unchanged
2022-02-24 00:54:04.880  INFO 61949 --- [Thread-110] j.LocalContainerEntityManagerFactoryBean : Closing JPA EntityManagerFactory for persistence unit 'default'
2022-02-24 00:54:04.881  INFO 61949 --- [Thread-110] com.zaxxer.hikari.HikariDataSource       : HikariPool-18 - Shutdown initiated...
2022-02-24 00:54:04.887  INFO 61949 --- [Thread-110] com.zaxxer.hikari.HikariDataSource       : HikariPool-18 - Shutdown completed.
2022-02-24 00:54:05.104  INFO 61949 --- [restartedMain] t.e.spring.PiProjectBackendApplication   : Starting PiProjectBackendApplication using Java 1.8.0_301 on MacBook-Pro-de-Medali.local with PID 61949 (/Users/mac/Documents/GitHub/PIProjectBackend/target/classes started by mac in /Users/mac/Documents/GitHub/PIProjectBackend)
2022-02-24 00:54:05.104  INFO 61949 --- [restartedMain] t.e.spring.PiProjectBackendApplication   : No active profile set, falling back to default profiles: default
2022-02-24 00:54:05.436  INFO 61949 --- [restartedMain] .s.d.r.c.RepositoryConfigurationDelegate : Bootstrapping Spring Data JPA repositories in DEFAULT mode.
2022-02-24 00:54:05.481  INFO 61949 --- [restartedMain] .s.d.r.c.RepositoryConfigurationDelegate : Finished Spring Data repository scanning in 44 ms. Found 7 JPA repository interfaces.
2022-02-24 00:54:05.555  INFO 61949 --- [restartedMain] trationDelegate$BeanPostProcessorChecker : Bean 'org.springframework.ws.config.annotation.DelegatingWsConfiguration' of type [org.springframework.ws.config.annotation.DelegatingWsConfiguration$$EnhancerBySpringCGLIB$$4ba1cf82] is not eligible for getting processed by all BeanPostProcessors (for example: not eligible for auto-proxying)
2022-02-24 00:54:05.556  INFO 61949 --- [restartedMain] .w.s.a.s.AnnotationActionEndpointMapping : Supporting [WS-Addressing August 2004, WS-Addressing 1.0]
2022-02-24 00:54:05.606  INFO 61949 --- [restartedMain] o.s.b.w.embedded.tomcat.TomcatWebServer  : Tomcat initialized with port(s): 8080 (http)
2022-02-24 00:54:05.606  INFO 61949 --- [restartedMain] o.apache.catalina.core.StandardService   : Starting service [Tomcat]
2022-02-24 00:54:05.606  INFO 61949 --- [restartedMain] org.apache.catalina.core.StandardEngine  : Starting Servlet engine: [Apache Tomcat/9.0.54]
2022-02-24 00:54:05.612  INFO 61949 --- [restartedMain] o.a.c.c.C.[.[.[/WomenEmpowerment]        : Initializing Spring embedded WebApplicationContext
2022-02-24 00:54:05.612  INFO 61949 --- [restartedMain] w.s.c.ServletWebServerApplicationContext : Root WebApplicationContext: initialization completed in 505 ms
2022-02-24 00:54:05.659  INFO 61949 --- [restartedMain] o.hibernate.jpa.internal.util.LogHelper  : HHH000204: Processing PersistenceUnitInfo [name: default]
2022-02-24 00:54:05.662  INFO 61949 --- [restartedMain] com.zaxxer.hikari.HikariDataSource       : HikariPool-19 - Starting...
2022-02-24 00:54:05.681  INFO 61949 --- [restartedMain] com.zaxxer.hikari.HikariDataSource       : HikariPool-19 - Start completed.
2022-02-24 00:54:05.681  INFO 61949 --- [restartedMain] org.hibernate.dialect.Dialect            : HHH000400: Using dialect: org.hibernate.dialect.MySQL5Dialect
2022-02-24 00:54:06.526  INFO 61949 --- [restartedMain] o.h.e.t.j.p.i.JtaPlatformInitiator       : HHH000490: Using JtaPlatform implementation: [org.hibernate.engine.transaction.jta.platform.internal.NoJtaPlatform]
2022-02-24 00:54:06.526  INFO 61949 --- [restartedMain] j.LocalContainerEntityManagerFactoryBean : Initialized JPA EntityManagerFactory for persistence unit 'default'
2022-02-24 00:54:06.760  WARN 61949 --- [restartedMain] JpaBaseConfiguration$JpaWebConfiguration : spring.jpa.open-in-view is enabled by default. Therefore, database queries may be performed during view rendering. Explicitly configure spring.jpa.open-in-view to disable this warning
2022-02-24 00:54:06.954  INFO 61949 --- [restartedMain] o.s.s.web.DefaultSecurityFilterChain     : Will secure any request with [org.springframework.security.web.context.request.async.WebAsyncManagerIntegrationFilter@4ed91907, org.springframework.security.web.context.SecurityContextPersistenceFilter@629d2fe7, org.springframework.security.web.header.HeaderWriterFilter@2c6de9cf, org.springframework.web.filter.CorsFilter@29ddeea1, org.springframework.security.web.authentication.logout.LogoutFilter@3e11565, tn.esprit.spring.security.CustomAuthorizationFilter@a8e2cf9, tn.esprit.spring.security.CustomAuthentificationFilter@164037fe, org.springframework.security.web.savedrequest.RequestCacheAwareFilter@b18d93a, org.springframework.security.web.servletapi.SecurityContextHolderAwareRequestFilter@48f87a07, org.springframework.security.web.authentication.AnonymousAuthenticationFilter@10570510, org.springframework.security.web.session.SessionManagementFilter@6aa542ae, org.springframework.security.web.access.ExceptionTranslationFilter@bdc5618, org.springframework.security.web.access.intercept.FilterSecurityInterceptor@d12280e]
2022-02-24 00:54:06.995  INFO 61949 --- [restartedMain] o.s.b.d.a.OptionalLiveReloadServer       : LiveReload server is running on port 35729
2022-02-24 00:54:07.079  INFO 61949 --- [restartedMain] o.s.b.w.embedded.tomcat.TomcatWebServer  : Tomcat started on port(s): 8080 (http) with context path '/WomenEmpowerment'
2022-02-24 00:54:07.173  INFO 61949 --- [restartedMain] t.e.spring.PiProjectBackendApplication   : Started PiProjectBackendApplication in 2.095 seconds (JVM running for 6609.431)
2022-02-24 00:54:07.175  INFO 61949 --- [restartedMain] .ConditionEvaluationDeltaLoggingListener : Condition evaluation unchanged
2022-02-24 01:49:05.897  WARN 61949 --- [HikariPool-19 housekeeper] com.zaxxer.hikari.pool.HikariPool        : HikariPool-19 - Retrograde clock change detected (housekeeper delta=29s678ms), soft-evicting connections from pool.
2022-02-24 01:53:19.651  WARN 61949 --- [HikariPool-19 housekeeper] com.zaxxer.hikari.pool.HikariPool        : HikariPool-19 - Thread starvation or clock leap detected (housekeeper delta=4m13s754ms).
2022-02-24 04:12:15.734  WARN 61949 --- [HikariPool-19 housekeeper] com.zaxxer.hikari.pool.HikariPool        : HikariPool-19 - Thread starvation or clock leap detected (housekeeper delta=2h18m26s76ms).
2022-02-24 06:48:57.196  WARN 61949 --- [HikariPool-19 housekeeper] com.zaxxer.hikari.pool.HikariPool        : HikariPool-19 - Thread starvation or clock leap detected (housekeeper delta=2h36m10s565ms).
2022-02-24 08:49:17.566  WARN 61949 --- [HikariPool-19 housekeeper] com.zaxxer.hikari.pool.HikariPool        : HikariPool-19 - Thread starvation or clock leap detected (housekeeper delta=2h20s380ms).
2022-02-24 10:49:18.363  WARN 61949 --- [HikariPool-19 housekeeper] com.zaxxer.hikari.pool.HikariPool        : HikariPool-19 - Thread starvation or clock leap detected (housekeeper delta=2h794ms).
2022-02-24 13:18:37.865  WARN 61949 --- [HikariPool-19 housekeeper] com.zaxxer.hikari.pool.HikariPool        : HikariPool-19 - Thread starvation or clock leap detected (housekeeper delta=2h29m19s504ms).
2022-02-24 13:30:23.052  WARN 61949 --- [HikariPool-19 housekeeper] com.zaxxer.hikari.pool.HikariPool        : HikariPool-19 - Thread starvation or clock leap detected (housekeeper delta=11m15s163ms).
2022-02-24 13:36:52.662  WARN 61949 --- [HikariPool-19 housekeeper] com.zaxxer.hikari.pool.HikariPool        : HikariPool-19 - Thread starvation or clock leap detected (housekeeper delta=5m59s601ms).
2022-02-24 13:43:21.577  WARN 61949 --- [HikariPool-19 housekeeper] com.zaxxer.hikari.pool.HikariPool        : HikariPool-19 - Thread starvation or clock leap detected (housekeeper delta=5m58s911ms).
2022-02-24 13:46:27.053  WARN 61949 --- [HikariPool-19 housekeeper] com.zaxxer.hikari.pool.HikariPool        : HikariPool-19 - Thread starvation or clock leap detected (housekeeper delta=3m5s476ms).
2022-02-24 13:50:54.983  WARN 61949 --- [HikariPool-19 housekeeper] com.zaxxer.hikari.pool.HikariPool        : HikariPool-19 - Thread starvation or clock leap detected (housekeeper delta=2m27s929ms).
